{"C:\\Users\\bruno\\Desktop\\Polito\\sw2\\ThesisManagement\\se2-05-ThesisManagement\\server\\index.js": {"path":"C:\\Users\\bruno\\Desktop\\Polito\\sw2\\ThesisManagement\\se2-05-ThesisManagement\\server\\index.js","statementMap":{"0":{"start":{"line":21,"column":12},"end":{"line":21,"column":21}},"1":{"start":{"line":22,"column":13},"end":{"line":22,"column":17}},"2":{"start":{"line":24,"column":0},"end":{"line":24,"column":24}},"3":{"start":{"line":25,"column":0},"end":{"line":25,"column":23}},"4":{"start":{"line":26,"column":20},"end":{"line":30,"column":1}},"5":{"start":{"line":31,"column":0},"end":{"line":31,"column":27}},"6":{"start":{"line":33,"column":0},"end":{"line":40,"column":2}},"7":{"start":{"line":42,"column":0},"end":{"line":42,"column":31}},"8":{"start":{"line":43,"column":0},"end":{"line":43,"column":28}},"9":{"start":{"line":45,"column":0},"end":{"line":45,"column":23}},"10":{"start":{"line":47,"column":0},"end":{"line":49,"column":3}},"11":{"start":{"line":48,"column":2},"end":{"line":48,"column":28}},"12":{"start":{"line":51,"column":0},"end":{"line":51,"column":42}},"13":{"start":{"line":53,"column":0},"end":{"line":63,"column":3}},"14":{"start":{"line":54,"column":13},"end":{"line":54,"column":43}},"15":{"start":{"line":55,"column":2},"end":{"line":60,"column":20}},"16":{"start":{"line":56,"column":4},"end":{"line":56,"column":41}},"17":{"start":{"line":57,"column":7},"end":{"line":60,"column":20}},"18":{"start":{"line":58,"column":4},"end":{"line":58,"column":41}},"19":{"start":{"line":60,"column":4},"end":{"line":60,"column":20}},"20":{"start":{"line":62,"column":2},"end":{"line":62,"column":19}},"21":{"start":{"line":65,"column":0},"end":{"line":65,"column":39}},"22":{"start":{"line":66,"column":0},"end":{"line":66,"column":34}},"23":{"start":{"line":67,"column":0},"end":{"line":67,"column":42}},"24":{"start":{"line":68,"column":0},"end":{"line":68,"column":38}},"25":{"start":{"line":69,"column":0},"end":{"line":69,"column":40}},"26":{"start":{"line":70,"column":0},"end":{"line":70,"column":36}},"27":{"start":{"line":71,"column":0},"end":{"line":71,"column":40}},"28":{"start":{"line":72,"column":0},"end":{"line":72,"column":40}},"29":{"start":{"line":73,"column":0},"end":{"line":73,"column":36}},"30":{"start":{"line":74,"column":0},"end":{"line":74,"column":48}},"31":{"start":{"line":76,"column":0},"end":{"line":78,"column":3}},"32":{"start":{"line":77,"column":2},"end":{"line":77,"column":48}}},"fnMap":{"0":{"name":"(anonymous_0)","decl":{"start":{"line":47,"column":23},"end":{"line":47,"column":24}},"loc":{"start":{"line":47,"column":45},"end":{"line":49,"column":1}},"line":47},"1":{"name":"(anonymous_1)","decl":{"start":{"line":53,"column":25},"end":{"line":53,"column":26}},"loc":{"start":{"line":53,"column":51},"end":{"line":63,"column":1}},"line":53},"2":{"name":"(anonymous_2)","decl":{"start":{"line":76,"column":17},"end":{"line":76,"column":18}},"loc":{"start":{"line":76,"column":23},"end":{"line":78,"column":1}},"line":76}},"branchMap":{"0":{"loc":{"start":{"line":55,"column":2},"end":{"line":60,"column":20}},"type":"if","locations":[{"start":{"line":55,"column":2},"end":{"line":60,"column":20}},{"start":{"line":57,"column":7},"end":{"line":60,"column":20}}],"line":55},"1":{"loc":{"start":{"line":57,"column":7},"end":{"line":60,"column":20}},"type":"if","locations":[{"start":{"line":57,"column":7},"end":{"line":60,"column":20}},{"start":{"line":60,"column":4},"end":{"line":60,"column":20}}],"line":57}},"s":{"0":1,"1":1,"2":1,"3":1,"4":1,"5":1,"6":1,"7":1,"8":1,"9":1,"10":1,"11":0,"12":1,"13":1,"14":0,"15":0,"16":0,"17":0,"18":0,"19":0,"20":0,"21":1,"22":1,"23":1,"24":1,"25":1,"26":1,"27":1,"28":1,"29":1,"30":1,"31":1,"32":0},"f":{"0":0,"1":0,"2":0},"b":{"0":[0,0],"1":[0,0]},"_coverageSchema":"1a1c01bbd47fc00a2c39e90264f33305004495a9","hash":"6219d3b4d667a86534a1156b6bf99fcc1c1c2b1a"}
,"C:\\Users\\bruno\\Desktop\\Polito\\sw2\\ThesisManagement\\se2-05-ThesisManagement\\server\\src\\config\\configs.js": {"path":"C:\\Users\\bruno\\Desktop\\Polito\\sw2\\ThesisManagement\\se2-05-ThesisManagement\\server\\src\\config\\configs.js","statementMap":{"0":{"start":{"line":4,"column":24},"end":{"line":15,"column":1}},"1":{"start":{"line":13,"column":6},"end":{"line":13,"column":33}},"2":{"start":{"line":17,"column":26},"end":{"line":22,"column":1}},"3":{"start":{"line":18,"column":2},"end":{"line":20,"column":3}},"4":{"start":{"line":19,"column":4},"end":{"line":19,"column":18}},"5":{"start":{"line":21,"column":2},"end":{"line":21,"column":59}},"6":{"start":{"line":24,"column":25},"end":{"line":32,"column":1}},"7":{"start":{"line":25,"column":2},"end":{"line":30,"column":3}},"8":{"start":{"line":26,"column":17},"end":{"line":26,"column":47}},"9":{"start":{"line":27,"column":4},"end":{"line":29,"column":5}},"10":{"start":{"line":28,"column":6},"end":{"line":28,"column":20}},"11":{"start":{"line":31,"column":2},"end":{"line":31,"column":59}},"12":{"start":{"line":34,"column":25},"end":{"line":42,"column":1}},"13":{"start":{"line":35,"column":2},"end":{"line":40,"column":3}},"14":{"start":{"line":36,"column":17},"end":{"line":36,"column":47}},"15":{"start":{"line":37,"column":4},"end":{"line":39,"column":5}},"16":{"start":{"line":38,"column":6},"end":{"line":38,"column":20}},"17":{"start":{"line":41,"column":2},"end":{"line":41,"column":59}}},"fnMap":{"0":{"name":"(anonymous_0)","decl":{"start":{"line":12,"column":2},"end":{"line":12,"column":3}},"loc":{"start":{"line":12,"column":67},"end":{"line":14,"column":3}},"line":12},"1":{"name":"(anonymous_1)","decl":{"start":{"line":17,"column":26},"end":{"line":17,"column":27}},"loc":{"start":{"line":17,"column":46},"end":{"line":22,"column":1}},"line":17},"2":{"name":"(anonymous_2)","decl":{"start":{"line":24,"column":25},"end":{"line":24,"column":26}},"loc":{"start":{"line":24,"column":51},"end":{"line":32,"column":1}},"line":24},"3":{"name":"(anonymous_3)","decl":{"start":{"line":34,"column":25},"end":{"line":34,"column":26}},"loc":{"start":{"line":34,"column":51},"end":{"line":42,"column":1}},"line":34}},"branchMap":{"0":{"loc":{"start":{"line":18,"column":2},"end":{"line":20,"column":3}},"type":"if","locations":[{"start":{"line":18,"column":2},"end":{"line":20,"column":3}},{"start":{},"end":{}}],"line":18},"1":{"loc":{"start":{"line":25,"column":2},"end":{"line":30,"column":3}},"type":"if","locations":[{"start":{"line":25,"column":2},"end":{"line":30,"column":3}},{"start":{},"end":{}}],"line":25},"2":{"loc":{"start":{"line":27,"column":4},"end":{"line":29,"column":5}},"type":"if","locations":[{"start":{"line":27,"column":4},"end":{"line":29,"column":5}},{"start":{},"end":{}}],"line":27},"3":{"loc":{"start":{"line":35,"column":2},"end":{"line":40,"column":3}},"type":"if","locations":[{"start":{"line":35,"column":2},"end":{"line":40,"column":3}},{"start":{},"end":{}}],"line":35},"4":{"loc":{"start":{"line":37,"column":4},"end":{"line":39,"column":5}},"type":"if","locations":[{"start":{"line":37,"column":4},"end":{"line":39,"column":5}},{"start":{},"end":{}}],"line":37}},"s":{"0":1,"1":0,"2":1,"3":8,"4":0,"5":8,"6":1,"7":0,"8":0,"9":0,"10":0,"11":0,"12":1,"13":8,"14":0,"15":0,"16":0,"17":8},"f":{"0":0,"1":8,"2":0,"3":8},"b":{"0":[0,8],"1":[0,0],"2":[0,0],"3":[0,8],"4":[0,0]},"_coverageSchema":"1a1c01bbd47fc00a2c39e90264f33305004495a9","hash":"9508addb712ae1209b19952f57417c1f1eb62e04"}
,"C:\\Users\\bruno\\Desktop\\Polito\\sw2\\ThesisManagement\\se2-05-ThesisManagement\\server\\src\\config\\db.js": {"path":"C:\\Users\\bruno\\Desktop\\Polito\\sw2\\ThesisManagement\\se2-05-ThesisManagement\\server\\src\\config\\db.js","statementMap":{"0":{"start":{"line":4,"column":11},"end":{"line":6,"column":2}},"1":{"start":{"line":5,"column":2},"end":{"line":5,"column":21}},"2":{"start":{"line":5,"column":11},"end":{"line":5,"column":21}}},"fnMap":{"0":{"name":"(anonymous_0)","decl":{"start":{"line":4,"column":50},"end":{"line":4,"column":51}},"loc":{"start":{"line":4,"column":59},"end":{"line":6,"column":1}},"line":4}},"branchMap":{"0":{"loc":{"start":{"line":5,"column":2},"end":{"line":5,"column":21}},"type":"if","locations":[{"start":{"line":5,"column":2},"end":{"line":5,"column":21}},{"start":{},"end":{}}],"line":5}},"s":{"0":9,"1":4,"2":0},"f":{"0":4},"b":{"0":[0,4]},"_coverageSchema":"1a1c01bbd47fc00a2c39e90264f33305004495a9","hash":"79ec47b586280be5d51a0f78c0bdf16f32c5cce7"}
,"C:\\Users\\bruno\\Desktop\\Polito\\sw2\\ThesisManagement\\se2-05-ThesisManagement\\server\\src\\controllers\\application.controller.js": {"path":"C:\\Users\\bruno\\Desktop\\Polito\\sw2\\ThesisManagement\\se2-05-ThesisManagement\\server\\src\\controllers\\application.controller.js","statementMap":{"0":{"start":{"line":5,"column":33},"end":{"line":35,"column":1}},"1":{"start":{"line":6,"column":55},"end":{"line":6,"column":63}},"2":{"start":{"line":7,"column":2},"end":{"line":11,"column":3}},"3":{"start":{"line":8,"column":4},"end":{"line":10,"column":63}},"4":{"start":{"line":12,"column":2},"end":{"line":16,"column":3}},"5":{"start":{"line":13,"column":4},"end":{"line":15,"column":62}},"6":{"start":{"line":17,"column":2},"end":{"line":22,"column":3}},"7":{"start":{"line":18,"column":4},"end":{"line":21,"column":7}},"8":{"start":{"line":23,"column":2},"end":{"line":34,"column":3}},"9":{"start":{"line":24,"column":24},"end":{"line":28,"column":5}},"10":{"start":{"line":29,"column":4},"end":{"line":29,"column":45}},"11":{"start":{"line":31,"column":4},"end":{"line":32,"column":75}},"12":{"start":{"line":32,"column":6},"end":{"line":32,"column":75}},"13":{"start":{"line":33,"column":4},"end":{"line":33,"column":58}},"14":{"start":{"line":37,"column":41},"end":{"line":45,"column":1}},"15":{"start":{"line":38,"column":4},"end":{"line":44,"column":5}},"16":{"start":{"line":39,"column":19},"end":{"line":39,"column":32}},"17":{"start":{"line":40,"column":23},"end":{"line":40,"column":60}},"18":{"start":{"line":41,"column":8},"end":{"line":41,"column":32}},"19":{"start":{"line":43,"column":8},"end":{"line":43,"column":60}},"20":{"start":{"line":46,"column":40},"end":{"line":54,"column":1}},"21":{"start":{"line":47,"column":2},"end":{"line":53,"column":3}},"22":{"start":{"line":48,"column":24},"end":{"line":48,"column":30}},"23":{"start":{"line":49,"column":21},"end":{"line":49,"column":64}},"24":{"start":{"line":50,"column":6},"end":{"line":50,"column":30}},"25":{"start":{"line":52,"column":6},"end":{"line":52,"column":58}}},"fnMap":{"0":{"name":"(anonymous_0)","decl":{"start":{"line":5,"column":33},"end":{"line":5,"column":34}},"loc":{"start":{"line":5,"column":53},"end":{"line":35,"column":1}},"line":5},"1":{"name":"(anonymous_1)","decl":{"start":{"line":37,"column":41},"end":{"line":37,"column":42}},"loc":{"start":{"line":37,"column":61},"end":{"line":45,"column":1}},"line":37},"2":{"name":"(anonymous_2)","decl":{"start":{"line":46,"column":40},"end":{"line":46,"column":41}},"loc":{"start":{"line":46,"column":60},"end":{"line":54,"column":1}},"line":46}},"branchMap":{"0":{"loc":{"start":{"line":7,"column":2},"end":{"line":11,"column":3}},"type":"if","locations":[{"start":{"line":7,"column":2},"end":{"line":11,"column":3}},{"start":{},"end":{}}],"line":7},"1":{"loc":{"start":{"line":12,"column":2},"end":{"line":16,"column":3}},"type":"if","locations":[{"start":{"line":12,"column":2},"end":{"line":16,"column":3}},{"start":{},"end":{}}],"line":12},"2":{"loc":{"start":{"line":17,"column":2},"end":{"line":22,"column":3}},"type":"if","locations":[{"start":{"line":17,"column":2},"end":{"line":22,"column":3}},{"start":{},"end":{}}],"line":17},"3":{"loc":{"start":{"line":17,"column":6},"end":{"line":17,"column":70}},"type":"binary-expr","locations":[{"start":{"line":17,"column":6},"end":{"line":17,"column":22}},{"start":{"line":17,"column":26},"end":{"line":17,"column":70}}],"line":17},"4":{"loc":{"start":{"line":31,"column":4},"end":{"line":32,"column":75}},"type":"if","locations":[{"start":{"line":31,"column":4},"end":{"line":32,"column":75}},{"start":{},"end":{}}],"line":31}},"s":{"0":3,"1":6,"2":6,"3":1,"4":5,"5":1,"6":4,"7":2,"8":2,"9":2,"10":1,"11":1,"12":0,"13":1,"14":3,"15":3,"16":3,"17":3,"18":2,"19":1,"20":3,"21":0,"22":0,"23":0,"24":0,"25":0},"f":{"0":6,"1":3,"2":0},"b":{"0":[1,5],"1":[1,4],"2":[2,2],"3":[4,4],"4":[0,1]},"_coverageSchema":"1a1c01bbd47fc00a2c39e90264f33305004495a9","hash":"cb75b2751d065b55e6bcfa749e25a20de03821ae"}
,"C:\\Users\\bruno\\Desktop\\Polito\\sw2\\ThesisManagement\\se2-05-ThesisManagement\\server\\src\\controllers\\degree.controller.js": {"path":"C:\\Users\\bruno\\Desktop\\Polito\\sw2\\ThesisManagement\\se2-05-ThesisManagement\\server\\src\\controllers\\degree.controller.js","statementMap":{"0":{"start":{"line":4,"column":26},"end":{"line":11,"column":1}},"1":{"start":{"line":5,"column":2},"end":{"line":10,"column":3}},"2":{"start":{"line":6,"column":19},"end":{"line":6,"column":40}},"3":{"start":{"line":7,"column":4},"end":{"line":7,"column":28}},"4":{"start":{"line":9,"column":4},"end":{"line":9,"column":56}}},"fnMap":{"0":{"name":"(anonymous_0)","decl":{"start":{"line":4,"column":26},"end":{"line":4,"column":27}},"loc":{"start":{"line":4,"column":46},"end":{"line":11,"column":1}},"line":4}},"branchMap":{},"s":{"0":2,"1":2,"2":2,"3":1,"4":1},"f":{"0":2},"b":{},"_coverageSchema":"1a1c01bbd47fc00a2c39e90264f33305004495a9","hash":"3b2dc506fe8575f4b5ff30a05303973f74780c63"}
,"C:\\Users\\bruno\\Desktop\\Polito\\sw2\\ThesisManagement\\se2-05-ThesisManagement\\server\\src\\controllers\\group.controller.js": {"path":"C:\\Users\\bruno\\Desktop\\Polito\\sw2\\ThesisManagement\\se2-05-ThesisManagement\\server\\src\\controllers\\group.controller.js","statementMap":{"0":{"start":{"line":4,"column":25},"end":{"line":12,"column":1}},"1":{"start":{"line":5,"column":4},"end":{"line":10,"column":5}},"2":{"start":{"line":6,"column":23},"end":{"line":6,"column":43}},"3":{"start":{"line":7,"column":8},"end":{"line":7,"column":32}},"4":{"start":{"line":9,"column":8},"end":{"line":9,"column":60}}},"fnMap":{"0":{"name":"(anonymous_0)","decl":{"start":{"line":4,"column":25},"end":{"line":4,"column":26}},"loc":{"start":{"line":4,"column":45},"end":{"line":12,"column":1}},"line":4}},"branchMap":{},"s":{"0":1,"1":0,"2":0,"3":0,"4":0},"f":{"0":0},"b":{},"_coverageSchema":"1a1c01bbd47fc00a2c39e90264f33305004495a9","hash":"c76310b9daa2dfbe26fd57b44c92157f2e1e46b2"}
,"C:\\Users\\bruno\\Desktop\\Polito\\sw2\\ThesisManagement\\se2-05-ThesisManagement\\server\\src\\controllers\\keyword.controller.js": {"path":"C:\\Users\\bruno\\Desktop\\Polito\\sw2\\ThesisManagement\\se2-05-ThesisManagement\\server\\src\\controllers\\keyword.controller.js","statementMap":{"0":{"start":{"line":5,"column":27},"end":{"line":12,"column":1}},"1":{"start":{"line":6,"column":2},"end":{"line":11,"column":3}},"2":{"start":{"line":7,"column":19},"end":{"line":7,"column":41}},"3":{"start":{"line":8,"column":4},"end":{"line":8,"column":28}},"4":{"start":{"line":10,"column":4},"end":{"line":10,"column":56}}},"fnMap":{"0":{"name":"(anonymous_0)","decl":{"start":{"line":5,"column":27},"end":{"line":5,"column":28}},"loc":{"start":{"line":5,"column":47},"end":{"line":12,"column":1}},"line":5}},"branchMap":{},"s":{"0":2,"1":2,"2":2,"3":1,"4":1},"f":{"0":2},"b":{},"_coverageSchema":"1a1c01bbd47fc00a2c39e90264f33305004495a9","hash":"dc2f450c5d9381fe39291673d505e73312623605"}
,"C:\\Users\\bruno\\Desktop\\Polito\\sw2\\ThesisManagement\\se2-05-ThesisManagement\\server\\src\\controllers\\level.controller.js": {"path":"C:\\Users\\bruno\\Desktop\\Polito\\sw2\\ThesisManagement\\se2-05-ThesisManagement\\server\\src\\controllers\\level.controller.js","statementMap":{"0":{"start":{"line":5,"column":25},"end":{"line":12,"column":1}},"1":{"start":{"line":6,"column":2},"end":{"line":11,"column":3}},"2":{"start":{"line":7,"column":19},"end":{"line":7,"column":39}},"3":{"start":{"line":8,"column":4},"end":{"line":8,"column":28}},"4":{"start":{"line":10,"column":4},"end":{"line":10,"column":56}}},"fnMap":{"0":{"name":"(anonymous_0)","decl":{"start":{"line":5,"column":25},"end":{"line":5,"column":26}},"loc":{"start":{"line":5,"column":45},"end":{"line":12,"column":1}},"line":5}},"branchMap":{},"s":{"0":3,"1":3,"2":3,"3":2,"4":1},"f":{"0":3},"b":{},"_coverageSchema":"1a1c01bbd47fc00a2c39e90264f33305004495a9","hash":"b72021d74be52e43e20e0376b8542deaa475ec1f"}
,"C:\\Users\\bruno\\Desktop\\Polito\\sw2\\ThesisManagement\\se2-05-ThesisManagement\\server\\src\\controllers\\proposal.controller.js": {"path":"C:\\Users\\bruno\\Desktop\\Polito\\sw2\\ThesisManagement\\se2-05-ThesisManagement\\server\\src\\controllers\\proposal.controller.js","statementMap":{"0":{"start":{"line":13,"column":28},"end":{"line":60,"column":1}},"1":{"start":{"line":14,"column":2},"end":{"line":59,"column":3}},"2":{"start":{"line":15,"column":23},"end":{"line":15,"column":43}},"3":{"start":{"line":16,"column":34},"end":{"line":16,"column":54}},"4":{"start":{"line":17,"column":32},"end":{"line":17,"column":50}},"5":{"start":{"line":19,"column":4},"end":{"line":21,"column":5}},"6":{"start":{"line":20,"column":6},"end":{"line":20,"column":84}},"7":{"start":{"line":22,"column":4},"end":{"line":29,"column":5}},"8":{"start":{"line":26,"column":6},"end":{"line":28,"column":9}},"9":{"start":{"line":30,"column":4},"end":{"line":37,"column":5}},"10":{"start":{"line":34,"column":6},"end":{"line":36,"column":9}},"11":{"start":{"line":39,"column":26},"end":{"line":39,"column":49}},"12":{"start":{"line":41,"column":24},"end":{"line":43,"column":10}},"13":{"start":{"line":44,"column":22},"end":{"line":46,"column":10}},"14":{"start":{"line":48,"column":22},"end":{"line":55,"column":5}},"15":{"start":{"line":56,"column":4},"end":{"line":56,"column":43}},"16":{"start":{"line":58,"column":4},"end":{"line":58,"column":49}},"17":{"start":{"line":68,"column":28},"end":{"line":135,"column":1}},"18":{"start":{"line":69,"column":2},"end":{"line":134,"column":3}},"19":{"start":{"line":70,"column":18},"end":{"line":70,"column":32}},"20":{"start":{"line":71,"column":17},"end":{"line":71,"column":30}},"21":{"start":{"line":72,"column":24},"end":{"line":72,"column":44}},"22":{"start":{"line":73,"column":18},"end":{"line":73,"column":32}},"23":{"start":{"line":74,"column":20},"end":{"line":74,"column":38}},"24":{"start":{"line":75,"column":21},"end":{"line":75,"column":40}},"25":{"start":{"line":76,"column":4},"end":{"line":94,"column":5}},"26":{"start":{"line":77,"column":6},"end":{"line":77,"column":38}},"27":{"start":{"line":78,"column":6},"end":{"line":85,"column":7}},"28":{"start":{"line":84,"column":8},"end":{"line":84,"column":67}},"29":{"start":{"line":86,"column":6},"end":{"line":91,"column":7}},"30":{"start":{"line":87,"column":18},"end":{"line":87,"column":29}},"31":{"start":{"line":88,"column":8},"end":{"line":90,"column":9}},"32":{"start":{"line":89,"column":10},"end":{"line":89,"column":69}},"33":{"start":{"line":93,"column":6},"end":{"line":93,"column":54}},"34":{"start":{"line":95,"column":28},"end":{"line":95,"column":52}},"35":{"start":{"line":96,"column":18},"end":{"line":96,"column":32}},"36":{"start":{"line":98,"column":4},"end":{"line":131,"column":5}},"37":{"start":{"line":106,"column":6},"end":{"line":106,"column":63}},"38":{"start":{"line":108,"column":6},"end":{"line":114,"column":7}},"39":{"start":{"line":109,"column":8},"end":{"line":109,"column":23}},"40":{"start":{"line":110,"column":18},"end":{"line":110,"column":44}},"41":{"start":{"line":111,"column":8},"end":{"line":113,"column":9}},"42":{"start":{"line":112,"column":10},"end":{"line":112,"column":32}},"43":{"start":{"line":115,"column":6},"end":{"line":129,"column":7}},"44":{"start":{"line":116,"column":8},"end":{"line":128,"column":10}},"45":{"start":{"line":130,"column":6},"end":{"line":130,"column":33}},"46":{"start":{"line":133,"column":4},"end":{"line":133,"column":56}},"47":{"start":{"line":137,"column":36},"end":{"line":154,"column":1}},"48":{"start":{"line":138,"column":2},"end":{"line":153,"column":3}},"49":{"start":{"line":139,"column":21},"end":{"line":139,"column":34}},"50":{"start":{"line":140,"column":4},"end":{"line":148,"column":5}},"51":{"start":{"line":141,"column":6},"end":{"line":141,"column":40}},"52":{"start":{"line":142,"column":22},"end":{"line":142,"column":54}},"53":{"start":{"line":143,"column":6},"end":{"line":145,"column":7}},"54":{"start":{"line":144,"column":8},"end":{"line":144,"column":74}},"55":{"start":{"line":147,"column":6},"end":{"line":147,"column":57}},"56":{"start":{"line":149,"column":22},"end":{"line":149,"column":63}},"57":{"start":{"line":150,"column":4},"end":{"line":150,"column":31}},"58":{"start":{"line":152,"column":4},"end":{"line":152,"column":56}},"59":{"start":{"line":156,"column":30},"end":{"line":172,"column":1}},"60":{"start":{"line":157,"column":2},"end":{"line":171,"column":3}},"61":{"start":{"line":158,"column":23},"end":{"line":158,"column":36}},"62":{"start":{"line":159,"column":22},"end":{"line":159,"column":33}},"63":{"start":{"line":161,"column":25},"end":{"line":161,"column":68}},"64":{"start":{"line":163,"column":4},"end":{"line":168,"column":59}},"65":{"start":{"line":164,"column":39},"end":{"line":164,"column":75}},"66":{"start":{"line":165,"column":8},"end":{"line":167,"column":61}},"67":{"start":{"line":166,"column":10},"end":{"line":166,"column":63}},"68":{"start":{"line":167,"column":13},"end":{"line":167,"column":61}},"69":{"start":{"line":168,"column":11},"end":{"line":168,"column":58}},"70":{"start":{"line":170,"column":4},"end":{"line":170,"column":56}}},"fnMap":{"0":{"name":"(anonymous_0)","decl":{"start":{"line":13,"column":28},"end":{"line":13,"column":29}},"loc":{"start":{"line":13,"column":54},"end":{"line":60,"column":1}},"line":13},"1":{"name":"(anonymous_1)","decl":{"start":{"line":68,"column":28},"end":{"line":68,"column":29}},"loc":{"start":{"line":68,"column":48},"end":{"line":135,"column":1}},"line":68},"2":{"name":"(anonymous_2)","decl":{"start":{"line":137,"column":36},"end":{"line":137,"column":37}},"loc":{"start":{"line":137,"column":56},"end":{"line":154,"column":1}},"line":137},"3":{"name":"(anonymous_3)","decl":{"start":{"line":156,"column":30},"end":{"line":156,"column":31}},"loc":{"start":{"line":156,"column":50},"end":{"line":172,"column":1}},"line":156}},"branchMap":{"0":{"loc":{"start":{"line":19,"column":4},"end":{"line":21,"column":5}},"type":"if","locations":[{"start":{"line":19,"column":4},"end":{"line":21,"column":5}},{"start":{},"end":{}}],"line":19},"1":{"loc":{"start":{"line":22,"column":4},"end":{"line":29,"column":5}},"type":"if","locations":[{"start":{"line":22,"column":4},"end":{"line":29,"column":5}},{"start":{},"end":{}}],"line":22},"2":{"loc":{"start":{"line":23,"column":6},"end":{"line":24,"column":56}},"type":"binary-expr","locations":[{"start":{"line":23,"column":6},"end":{"line":23,"column":27}},{"start":{"line":24,"column":6},"end":{"line":24,"column":56}}],"line":23},"3":{"loc":{"start":{"line":30,"column":4},"end":{"line":37,"column":5}},"type":"if","locations":[{"start":{"line":30,"column":4},"end":{"line":37,"column":5}},{"start":{},"end":{}}],"line":30},"4":{"loc":{"start":{"line":31,"column":6},"end":{"line":32,"column":54}},"type":"binary-expr","locations":[{"start":{"line":31,"column":6},"end":{"line":31,"column":25}},{"start":{"line":32,"column":6},"end":{"line":32,"column":54}}],"line":31},"5":{"loc":{"start":{"line":41,"column":24},"end":{"line":43,"column":10}},"type":"cond-expr","locations":[{"start":{"line":42,"column":8},"end":{"line":42,"column":41}},{"start":{"line":43,"column":8},"end":{"line":43,"column":10}}],"line":41},"6":{"loc":{"start":{"line":44,"column":22},"end":{"line":46,"column":10}},"type":"cond-expr","locations":[{"start":{"line":45,"column":8},"end":{"line":45,"column":39}},{"start":{"line":46,"column":8},"end":{"line":46,"column":10}}],"line":44},"7":{"loc":{"start":{"line":78,"column":6},"end":{"line":85,"column":7}},"type":"if","locations":[{"start":{"line":78,"column":6},"end":{"line":85,"column":7}},{"start":{},"end":{}}],"line":78},"8":{"loc":{"start":{"line":79,"column":8},"end":{"line":82,"column":24}},"type":"binary-expr","locations":[{"start":{"line":79,"column":8},"end":{"line":79,"column":31}},{"start":{"line":80,"column":8},"end":{"line":80,"column":50}},{"start":{"line":81,"column":9},"end":{"line":81,"column":24}},{"start":{"line":82,"column":8},"end":{"line":82,"column":23}}],"line":79},"9":{"loc":{"start":{"line":88,"column":8},"end":{"line":90,"column":9}},"type":"if","locations":[{"start":{"line":88,"column":8},"end":{"line":90,"column":9}},{"start":{},"end":{}}],"line":88},"10":{"loc":{"start":{"line":88,"column":12},"end":{"line":88,"column":52}},"type":"binary-expr","locations":[{"start":{"line":88,"column":12},"end":{"line":88,"column":29}},{"start":{"line":88,"column":33},"end":{"line":88,"column":52}}],"line":88},"11":{"loc":{"start":{"line":98,"column":4},"end":{"line":131,"column":5}},"type":"if","locations":[{"start":{"line":98,"column":4},"end":{"line":131,"column":5}},{"start":{"line":107,"column":11},"end":{"line":131,"column":5}}],"line":98},"12":{"loc":{"start":{"line":99,"column":6},"end":{"line":104,"column":45}},"type":"binary-expr","locations":[{"start":{"line":99,"column":6},"end":{"line":99,"column":12}},{"start":{"line":100,"column":6},"end":{"line":100,"column":11}},{"start":{"line":101,"column":6},"end":{"line":101,"column":18}},{"start":{"line":102,"column":6},"end":{"line":102,"column":22}},{"start":{"line":103,"column":6},"end":{"line":103,"column":17}},{"start":{"line":104,"column":6},"end":{"line":104,"column":45}}],"line":99},"13":{"loc":{"start":{"line":111,"column":8},"end":{"line":113,"column":9}},"type":"if","locations":[{"start":{"line":111,"column":8},"end":{"line":113,"column":9}},{"start":{},"end":{}}],"line":111},"14":{"loc":{"start":{"line":143,"column":6},"end":{"line":145,"column":7}},"type":"if","locations":[{"start":{"line":143,"column":6},"end":{"line":145,"column":7}},{"start":{},"end":{}}],"line":143},"15":{"loc":{"start":{"line":163,"column":4},"end":{"line":168,"column":59}},"type":"if","locations":[{"start":{"line":163,"column":4},"end":{"line":168,"column":59}},{"start":{"line":168,"column":10},"end":{"line":168,"column":59}}],"line":163},"16":{"loc":{"start":{"line":163,"column":8},"end":{"line":163,"column":49}},"type":"binary-expr","locations":[{"start":{"line":163,"column":8},"end":{"line":163,"column":20}},{"start":{"line":163,"column":24},"end":{"line":163,"column":49}}],"line":163},"17":{"loc":{"start":{"line":165,"column":8},"end":{"line":167,"column":61}},"type":"if","locations":[{"start":{"line":165,"column":8},"end":{"line":167,"column":61}},{"start":{"line":167,"column":13},"end":{"line":167,"column":61}}],"line":165}},"s":{"0":3,"1":5,"2":5,"3":5,"4":5,"5":5,"6":1,"7":4,"8":1,"9":3,"10":1,"11":2,"12":2,"13":2,"14":2,"15":1,"16":1,"17":3,"18":4,"19":4,"20":4,"21":4,"22":4,"23":4,"24":4,"25":4,"26":4,"27":4,"28":3,"29":1,"30":1,"31":1,"32":0,"33":0,"34":1,"35":1,"36":1,"37":0,"38":1,"39":1,"40":1,"41":1,"42":0,"43":1,"44":1,"45":1,"46":0,"47":3,"48":3,"49":3,"50":3,"51":3,"52":3,"53":2,"54":1,"55":2,"56":1,"57":1,"58":2,"59":3,"60":0,"61":0,"62":0,"63":0,"64":0,"65":0,"66":0,"67":0,"68":0,"69":0,"70":0},"f":{"0":5,"1":4,"2":3,"3":0},"b":{"0":[1,4],"1":[1,3],"2":[4,1],"3":[1,2],"4":[3,1],"5":[0,2],"6":[0,2],"7":[3,1],"8":[4,4,4,3],"9":[0,1],"10":[1,1],"11":[0,1],"12":[1,1,1,1,1,1],"13":[0,1],"14":[1,1],"15":[0,0],"16":[0,0],"17":[0,0]},"_coverageSchema":"1a1c01bbd47fc00a2c39e90264f33305004495a9","hash":"e905d403efed0f707076ee149b64e02dd65fd3a5"}
,"C:\\Users\\bruno\\Desktop\\Polito\\sw2\\ThesisManagement\\se2-05-ThesisManagement\\server\\src\\controllers\\student.controller.js": {"path":"C:\\Users\\bruno\\Desktop\\Polito\\sw2\\ThesisManagement\\se2-05-ThesisManagement\\server\\src\\controllers\\student.controller.js","statementMap":{"0":{"start":{"line":5,"column":28},"end":{"line":21,"column":1}},"1":{"start":{"line":6,"column":4},"end":{"line":19,"column":5}},"2":{"start":{"line":7,"column":19},"end":{"line":7,"column":42}},"3":{"start":{"line":8,"column":8},"end":{"line":10,"column":9}},"4":{"start":{"line":9,"column":12},"end":{"line":9,"column":66}},"5":{"start":{"line":11,"column":24},"end":{"line":11,"column":48}},"6":{"start":{"line":12,"column":8},"end":{"line":16,"column":9}},"7":{"start":{"line":13,"column":12},"end":{"line":13,"column":37}},"8":{"start":{"line":15,"column":12},"end":{"line":15,"column":59}},"9":{"start":{"line":18,"column":8},"end":{"line":18,"column":60}}},"fnMap":{"0":{"name":"(anonymous_0)","decl":{"start":{"line":5,"column":28},"end":{"line":5,"column":29}},"loc":{"start":{"line":5,"column":48},"end":{"line":21,"column":1}},"line":5}},"branchMap":{"0":{"loc":{"start":{"line":8,"column":8},"end":{"line":10,"column":9}},"type":"if","locations":[{"start":{"line":8,"column":8},"end":{"line":10,"column":9}},{"start":{},"end":{}}],"line":8},"1":{"loc":{"start":{"line":12,"column":8},"end":{"line":16,"column":9}},"type":"if","locations":[{"start":{"line":12,"column":8},"end":{"line":16,"column":9}},{"start":{"line":14,"column":15},"end":{"line":16,"column":9}}],"line":12}},"s":{"0":1,"1":0,"2":0,"3":0,"4":0,"5":0,"6":0,"7":0,"8":0,"9":0},"f":{"0":0},"b":{"0":[0,0],"1":[0,0]},"_coverageSchema":"1a1c01bbd47fc00a2c39e90264f33305004495a9","hash":"bb8f6602a58a9d5d144e56849ea3225919020144"}
,"C:\\Users\\bruno\\Desktop\\Polito\\sw2\\ThesisManagement\\se2-05-ThesisManagement\\server\\src\\controllers\\teacher.controller.js": {"path":"C:\\Users\\bruno\\Desktop\\Polito\\sw2\\ThesisManagement\\se2-05-ThesisManagement\\server\\src\\controllers\\teacher.controller.js","statementMap":{"0":{"start":{"line":5,"column":27},"end":{"line":12,"column":1}},"1":{"start":{"line":6,"column":4},"end":{"line":11,"column":5}},"2":{"start":{"line":7,"column":23},"end":{"line":7,"column":45}},"3":{"start":{"line":8,"column":8},"end":{"line":8,"column":32}},"4":{"start":{"line":10,"column":8},"end":{"line":10,"column":60}},"5":{"start":{"line":14,"column":28},"end":{"line":29,"column":1}},"6":{"start":{"line":15,"column":4},"end":{"line":28,"column":5}},"7":{"start":{"line":16,"column":19},"end":{"line":16,"column":42}},"8":{"start":{"line":17,"column":8},"end":{"line":19,"column":9}},"9":{"start":{"line":18,"column":12},"end":{"line":18,"column":66}},"10":{"start":{"line":20,"column":24},"end":{"line":20,"column":48}},"11":{"start":{"line":21,"column":8},"end":{"line":25,"column":9}},"12":{"start":{"line":22,"column":12},"end":{"line":22,"column":37}},"13":{"start":{"line":24,"column":12},"end":{"line":24,"column":61}},"14":{"start":{"line":27,"column":8},"end":{"line":27,"column":60}}},"fnMap":{"0":{"name":"(anonymous_0)","decl":{"start":{"line":5,"column":27},"end":{"line":5,"column":28}},"loc":{"start":{"line":5,"column":47},"end":{"line":12,"column":1}},"line":5},"1":{"name":"(anonymous_1)","decl":{"start":{"line":14,"column":28},"end":{"line":14,"column":29}},"loc":{"start":{"line":14,"column":47},"end":{"line":29,"column":1}},"line":14}},"branchMap":{"0":{"loc":{"start":{"line":17,"column":8},"end":{"line":19,"column":9}},"type":"if","locations":[{"start":{"line":17,"column":8},"end":{"line":19,"column":9}},{"start":{},"end":{}}],"line":17},"1":{"loc":{"start":{"line":21,"column":8},"end":{"line":25,"column":9}},"type":"if","locations":[{"start":{"line":21,"column":8},"end":{"line":25,"column":9}},{"start":{"line":23,"column":15},"end":{"line":25,"column":9}}],"line":21}},"s":{"0":2,"1":2,"2":2,"3":1,"4":1,"5":2,"6":0,"7":0,"8":0,"9":0,"10":0,"11":0,"12":0,"13":0,"14":0},"f":{"0":2,"1":0},"b":{"0":[0,0],"1":[0,0]},"_coverageSchema":"1a1c01bbd47fc00a2c39e90264f33305004495a9","hash":"1f95f75af40f41e5e78cbfa6c5f33dae0caaface"}
,"C:\\Users\\bruno\\Desktop\\Polito\\sw2\\ThesisManagement\\se2-05-ThesisManagement\\server\\src\\models\\Application.js": {"path":"C:\\Users\\bruno\\Desktop\\Polito\\sw2\\ThesisManagement\\se2-05-ThesisManagement\\server\\src\\models\\Application.js","statementMap":{"0":{"start":{"line":9,"column":4},"end":{"line":9,"column":17}},"1":{"start":{"line":10,"column":4},"end":{"line":10,"column":35}},"2":{"start":{"line":11,"column":4},"end":{"line":11,"column":33}},"3":{"start":{"line":12,"column":4},"end":{"line":12,"column":25}},"4":{"start":{"line":13,"column":4},"end":{"line":13,"column":43}},"5":{"start":{"line":17,"column":4},"end":{"line":23,"column":6}},"6":{"start":{"line":26,"column":14},"end":{"line":34,"column":3}},"7":{"start":{"line":27,"column":4},"end":{"line":33,"column":6}}},"fnMap":{"0":{"name":"(anonymous_0)","decl":{"start":{"line":2,"column":2},"end":{"line":2,"column":3}},"loc":{"start":{"line":8,"column":4},"end":{"line":14,"column":3}},"line":8},"1":{"name":"(anonymous_1)","decl":{"start":{"line":16,"column":2},"end":{"line":16,"column":3}},"loc":{"start":{"line":16,"column":40},"end":{"line":24,"column":3}},"line":16},"2":{"name":"(anonymous_2)","decl":{"start":{"line":26,"column":14},"end":{"line":26,"column":15}},"loc":{"start":{"line":26,"column":20},"end":{"line":34,"column":3}},"line":26}},"branchMap":{},"s":{"0":0,"1":0,"2":0,"3":0,"4":0,"5":0,"6":0,"7":0},"f":{"0":0,"1":0,"2":0},"b":{},"_coverageSchema":"1a1c01bbd47fc00a2c39e90264f33305004495a9","hash":"c70e6b7f8d2531e0be9a5993443c420688a3147a"}
,"C:\\Users\\bruno\\Desktop\\Polito\\sw2\\ThesisManagement\\se2-05-ThesisManagement\\server\\src\\models\\LevelsEnum.js": {"path":"C:\\Users\\bruno\\Desktop\\Polito\\sw2\\ThesisManagement\\se2-05-ThesisManagement\\server\\src\\models\\LevelsEnum.js","statementMap":{"0":{"start":{"line":1,"column":26},"end":{"line":5,"column":1}}},"fnMap":{},"branchMap":{},"s":{"0":3},"f":{},"b":{},"_coverageSchema":"1a1c01bbd47fc00a2c39e90264f33305004495a9","hash":"4775eaffdd2be082045af3b0e25b4d7a5b2cd9e0"}
,"C:\\Users\\bruno\\Desktop\\Polito\\sw2\\ThesisManagement\\se2-05-ThesisManagement\\server\\src\\models\\Proposal.js": {"path":"C:\\Users\\bruno\\Desktop\\Polito\\sw2\\ThesisManagement\\se2-05-ThesisManagement\\server\\src\\models\\Proposal.js","statementMap":{"0":{"start":{"line":18,"column":4},"end":{"line":18,"column":17}},"1":{"start":{"line":19,"column":4},"end":{"line":19,"column":23}},"2":{"start":{"line":20,"column":4},"end":{"line":20,"column":35}},"3":{"start":{"line":21,"column":4},"end":{"line":21,"column":23}},"4":{"start":{"line":22,"column":4},"end":{"line":22,"column":43}},"5":{"start":{"line":23,"column":4},"end":{"line":23,"column":23}},"6":{"start":{"line":24,"column":4},"end":{"line":24,"column":33}},"7":{"start":{"line":25,"column":4},"end":{"line":25,"column":36}},"8":{"start":{"line":26,"column":4},"end":{"line":26,"column":39}},"9":{"start":{"line":27,"column":4},"end":{"line":27,"column":31}},"10":{"start":{"line":28,"column":4},"end":{"line":28,"column":35}},"11":{"start":{"line":29,"column":4},"end":{"line":29,"column":49}},"12":{"start":{"line":30,"column":4},"end":{"line":30,"column":39}},"13":{"start":{"line":31,"column":4},"end":{"line":31,"column":39}},"14":{"start":{"line":35,"column":14},"end":{"line":52,"column":3}},"15":{"start":{"line":36,"column":4},"end":{"line":51,"column":6}},"16":{"start":{"line":55,"column":20},"end":{"line":72,"column":3}},"17":{"start":{"line":56,"column":4},"end":{"line":71,"column":6}},"18":{"start":{"line":74,"column":31},"end":{"line":91,"column":3}},"19":{"start":{"line":75,"column":4},"end":{"line":90,"column":6}}},"fnMap":{"0":{"name":"(anonymous_0)","decl":{"start":{"line":2,"column":2},"end":{"line":2,"column":3}},"loc":{"start":{"line":17,"column":4},"end":{"line":32,"column":3}},"line":17},"1":{"name":"(anonymous_1)","decl":{"start":{"line":35,"column":14},"end":{"line":35,"column":15}},"loc":{"start":{"line":35,"column":20},"end":{"line":52,"column":3}},"line":35},"2":{"name":"(anonymous_2)","decl":{"start":{"line":55,"column":20},"end":{"line":55,"column":21}},"loc":{"start":{"line":55,"column":30},"end":{"line":72,"column":3}},"line":55},"3":{"name":"(anonymous_3)","decl":{"start":{"line":74,"column":31},"end":{"line":74,"column":32}},"loc":{"start":{"line":74,"column":43},"end":{"line":91,"column":3}},"line":74}},"branchMap":{},"s":{"0":0,"1":0,"2":0,"3":0,"4":0,"5":0,"6":0,"7":0,"8":0,"9":0,"10":0,"11":0,"12":0,"13":0,"14":0,"15":0,"16":3,"17":0,"18":3,"19":0},"f":{"0":0,"1":0,"2":0,"3":0},"b":{},"_coverageSchema":"1a1c01bbd47fc00a2c39e90264f33305004495a9","hash":"7d9292182db8696c59ab43110fdbed1648195b8f"}
,"C:\\Users\\bruno\\Desktop\\Polito\\sw2\\ThesisManagement\\se2-05-ThesisManagement\\server\\src\\models\\Student.js": {"path":"C:\\Users\\bruno\\Desktop\\Polito\\sw2\\ThesisManagement\\se2-05-ThesisManagement\\server\\src\\models\\Student.js","statementMap":{"0":{"start":{"line":12,"column":4},"end":{"line":12,"column":17}},"1":{"start":{"line":13,"column":4},"end":{"line":13,"column":21}},"2":{"start":{"line":14,"column":4},"end":{"line":14,"column":27}},"3":{"start":{"line":15,"column":4},"end":{"line":15,"column":25}},"4":{"start":{"line":16,"column":4},"end":{"line":16,"column":35}},"5":{"start":{"line":17,"column":4},"end":{"line":17,"column":23}},"6":{"start":{"line":18,"column":4},"end":{"line":18,"column":33}},"7":{"start":{"line":19,"column":4},"end":{"line":19,"column":43}},"8":{"start":{"line":23,"column":14},"end":{"line":34,"column":3}},"9":{"start":{"line":24,"column":4},"end":{"line":33,"column":6}},"10":{"start":{"line":37,"column":22},"end":{"line":48,"column":3}},"11":{"start":{"line":38,"column":4},"end":{"line":47,"column":6}}},"fnMap":{"0":{"name":"(anonymous_0)","decl":{"start":{"line":2,"column":2},"end":{"line":2,"column":3}},"loc":{"start":{"line":11,"column":4},"end":{"line":20,"column":3}},"line":11},"1":{"name":"(anonymous_1)","decl":{"start":{"line":23,"column":14},"end":{"line":23,"column":15}},"loc":{"start":{"line":23,"column":20},"end":{"line":34,"column":3}},"line":23},"2":{"name":"(anonymous_2)","decl":{"start":{"line":37,"column":22},"end":{"line":37,"column":23}},"loc":{"start":{"line":37,"column":34},"end":{"line":48,"column":3}},"line":37}},"branchMap":{},"s":{"0":0,"1":0,"2":0,"3":0,"4":0,"5":0,"6":0,"7":0,"8":0,"9":0,"10":2,"11":0},"f":{"0":0,"1":0,"2":0},"b":{},"_coverageSchema":"1a1c01bbd47fc00a2c39e90264f33305004495a9","hash":"4b366d24397eaf4a690da1d17b8fa3eab62d6b32"}
,"C:\\Users\\bruno\\Desktop\\Polito\\sw2\\ThesisManagement\\se2-05-ThesisManagement\\server\\src\\models\\Teacher.js": {"path":"C:\\Users\\bruno\\Desktop\\Polito\\sw2\\ThesisManagement\\se2-05-ThesisManagement\\server\\src\\models\\Teacher.js","statementMap":{"0":{"start":{"line":3,"column":4},"end":{"line":3,"column":17}},"1":{"start":{"line":4,"column":4},"end":{"line":4,"column":21}},"2":{"start":{"line":5,"column":4},"end":{"line":5,"column":27}},"3":{"start":{"line":6,"column":4},"end":{"line":6,"column":23}},"4":{"start":{"line":7,"column":4},"end":{"line":7,"column":29}},"5":{"start":{"line":8,"column":4},"end":{"line":8,"column":33}},"6":{"start":{"line":9,"column":4},"end":{"line":9,"column":31}},"7":{"start":{"line":13,"column":14},"end":{"line":23,"column":3}},"8":{"start":{"line":14,"column":4},"end":{"line":22,"column":6}},"9":{"start":{"line":26,"column":20},"end":{"line":36,"column":3}},"10":{"start":{"line":27,"column":4},"end":{"line":35,"column":6}},"11":{"start":{"line":38,"column":30},"end":{"line":48,"column":3}},"12":{"start":{"line":39,"column":4},"end":{"line":47,"column":6}}},"fnMap":{"0":{"name":"(anonymous_0)","decl":{"start":{"line":2,"column":2},"end":{"line":2,"column":3}},"loc":{"start":{"line":2,"column":73},"end":{"line":10,"column":3}},"line":2},"1":{"name":"(anonymous_1)","decl":{"start":{"line":13,"column":14},"end":{"line":13,"column":15}},"loc":{"start":{"line":13,"column":20},"end":{"line":23,"column":3}},"line":13},"2":{"name":"(anonymous_2)","decl":{"start":{"line":26,"column":20},"end":{"line":26,"column":21}},"loc":{"start":{"line":26,"column":30},"end":{"line":36,"column":3}},"line":26},"3":{"name":"(anonymous_3)","decl":{"start":{"line":38,"column":30},"end":{"line":38,"column":31}},"loc":{"start":{"line":38,"column":42},"end":{"line":48,"column":3}},"line":38}},"branchMap":{},"s":{"0":0,"1":0,"2":0,"3":0,"4":0,"5":0,"6":0,"7":0,"8":0,"9":3,"10":0,"11":3,"12":0},"f":{"0":0,"1":0,"2":0,"3":0},"b":{},"_coverageSchema":"1a1c01bbd47fc00a2c39e90264f33305004495a9","hash":"d21b800bd0ec03fe84c3653b3e2101c36e499445"}
,"C:\\Users\\bruno\\Desktop\\Polito\\sw2\\ThesisManagement\\se2-05-ThesisManagement\\server\\src\\models\\User.js": {"path":"C:\\Users\\bruno\\Desktop\\Polito\\sw2\\ThesisManagement\\se2-05-ThesisManagement\\server\\src\\models\\User.js","statementMap":{"0":{"start":{"line":3,"column":4},"end":{"line":3,"column":17}},"1":{"start":{"line":4,"column":4},"end":{"line":4,"column":23}},"2":{"start":{"line":5,"column":4},"end":{"line":5,"column":21}},"3":{"start":{"line":6,"column":4},"end":{"line":6,"column":27}},"4":{"start":{"line":7,"column":4},"end":{"line":7,"column":21}},"5":{"start":{"line":11,"column":14},"end":{"line":19,"column":3}},"6":{"start":{"line":12,"column":4},"end":{"line":18,"column":6}},"7":{"start":{"line":22,"column":20},"end":{"line":24,"column":3}},"8":{"start":{"line":23,"column":4},"end":{"line":23,"column":77}}},"fnMap":{"0":{"name":"(anonymous_0)","decl":{"start":{"line":2,"column":2},"end":{"line":2,"column":3}},"loc":{"start":{"line":2,"column":46},"end":{"line":8,"column":3}},"line":2},"1":{"name":"(anonymous_1)","decl":{"start":{"line":11,"column":14},"end":{"line":11,"column":15}},"loc":{"start":{"line":11,"column":20},"end":{"line":19,"column":3}},"line":11},"2":{"name":"(anonymous_2)","decl":{"start":{"line":22,"column":20},"end":{"line":22,"column":21}},"loc":{"start":{"line":22,"column":30},"end":{"line":24,"column":3}},"line":22}},"branchMap":{},"s":{"0":0,"1":0,"2":0,"3":0,"4":0,"5":0,"6":0,"7":1,"8":0},"f":{"0":0,"1":0,"2":0},"b":{},"_coverageSchema":"1a1c01bbd47fc00a2c39e90264f33305004495a9","hash":"5d122812e509c01b25fc83d126f36d2ac5305bdc"}
,"C:\\Users\\bruno\\Desktop\\Polito\\sw2\\ThesisManagement\\se2-05-ThesisManagement\\server\\src\\routes\\application.route.js": {"path":"C:\\Users\\bruno\\Desktop\\Polito\\sw2\\ThesisManagement\\se2-05-ThesisManagement\\server\\src\\routes\\application.route.js","statementMap":{"0":{"start":{"line":6,"column":15},"end":{"line":6,"column":23}},"1":{"start":{"line":8,"column":0},"end":{"line":8,"column":47}},"2":{"start":{"line":10,"column":0},"end":{"line":10,"column":67}},"3":{"start":{"line":12,"column":0},"end":{"line":12,"column":43}}},"fnMap":{},"branchMap":{},"s":{"0":1,"1":1,"2":1,"3":1},"f":{},"b":{},"_coverageSchema":"1a1c01bbd47fc00a2c39e90264f33305004495a9","hash":"4448583c9ebae78842b224ec170672497a81d65a"}
,"C:\\Users\\bruno\\Desktop\\Polito\\sw2\\ThesisManagement\\se2-05-ThesisManagement\\server\\src\\routes\\degree.route.js": {"path":"C:\\Users\\bruno\\Desktop\\Polito\\sw2\\ThesisManagement\\se2-05-ThesisManagement\\server\\src\\routes\\degree.route.js","statementMap":{"0":{"start":{"line":6,"column":15},"end":{"line":6,"column":23}},"1":{"start":{"line":8,"column":0},"end":{"line":8,"column":40}}},"fnMap":{},"branchMap":{},"s":{"0":1,"1":1},"f":{},"b":{},"_coverageSchema":"1a1c01bbd47fc00a2c39e90264f33305004495a9","hash":"ec3b92c7a164eb9efc72405c92257f8971786cec"}
,"C:\\Users\\bruno\\Desktop\\Polito\\sw2\\ThesisManagement\\se2-05-ThesisManagement\\server\\src\\routes\\group.route.js": {"path":"C:\\Users\\bruno\\Desktop\\Polito\\sw2\\ThesisManagement\\se2-05-ThesisManagement\\server\\src\\routes\\group.route.js","statementMap":{"0":{"start":{"line":6,"column":15},"end":{"line":6,"column":23}},"1":{"start":{"line":8,"column":0},"end":{"line":8,"column":39}}},"fnMap":{},"branchMap":{},"s":{"0":1,"1":1},"f":{},"b":{},"_coverageSchema":"1a1c01bbd47fc00a2c39e90264f33305004495a9","hash":"367d84957fd41c1b52b5203b7d392ffe98ce08f5"}
,"C:\\Users\\bruno\\Desktop\\Polito\\sw2\\ThesisManagement\\se2-05-ThesisManagement\\server\\src\\routes\\keyword.route.js": {"path":"C:\\Users\\bruno\\Desktop\\Polito\\sw2\\ThesisManagement\\se2-05-ThesisManagement\\server\\src\\routes\\keyword.route.js","statementMap":{"0":{"start":{"line":6,"column":15},"end":{"line":6,"column":23}},"1":{"start":{"line":8,"column":0},"end":{"line":8,"column":41}}},"fnMap":{},"branchMap":{},"s":{"0":1,"1":1},"f":{},"b":{},"_coverageSchema":"1a1c01bbd47fc00a2c39e90264f33305004495a9","hash":"4b624554ab8a543c7372d8b7697173fbd62577d3"}
,"C:\\Users\\bruno\\Desktop\\Polito\\sw2\\ThesisManagement\\se2-05-ThesisManagement\\server\\src\\routes\\level.route.js": {"path":"C:\\Users\\bruno\\Desktop\\Polito\\sw2\\ThesisManagement\\se2-05-ThesisManagement\\server\\src\\routes\\level.route.js","statementMap":{"0":{"start":{"line":6,"column":15},"end":{"line":6,"column":23}},"1":{"start":{"line":8,"column":0},"end":{"line":8,"column":39}}},"fnMap":{},"branchMap":{},"s":{"0":1,"1":1},"f":{},"b":{},"_coverageSchema":"1a1c01bbd47fc00a2c39e90264f33305004495a9","hash":"e6e7f96592e161cfbcc0ce0626bcb8dd3378ef5f"}
,"C:\\Users\\bruno\\Desktop\\Polito\\sw2\\ThesisManagement\\se2-05-ThesisManagement\\server\\src\\routes\\proposal.route.js": {"path":"C:\\Users\\bruno\\Desktop\\Polito\\sw2\\ThesisManagement\\se2-05-ThesisManagement\\server\\src\\routes\\proposal.route.js","statementMap":{"0":{"start":{"line":10,"column":15},"end":{"line":10,"column":23}},"1":{"start":{"line":12,"column":0},"end":{"line":12,"column":42}},"2":{"start":{"line":14,"column":0},"end":{"line":14,"column":42}},"3":{"start":{"line":16,"column":0},"end":{"line":16,"column":61}},"4":{"start":{"line":18,"column":0},"end":{"line":18,"column":58}}},"fnMap":{},"branchMap":{},"s":{"0":1,"1":1,"2":1,"3":1,"4":1},"f":{},"b":{},"_coverageSchema":"1a1c01bbd47fc00a2c39e90264f33305004495a9","hash":"f99e93a1e0f52ca0d590e20d1223aeb25ddd2113"}
,"C:\\Users\\bruno\\Desktop\\Polito\\sw2\\ThesisManagement\\se2-05-ThesisManagement\\server\\src\\routes\\session.route.js": {"path":"C:\\Users\\bruno\\Desktop\\Polito\\sw2\\ThesisManagement\\se2-05-ThesisManagement\\server\\src\\routes\\session.route.js","statementMap":{"0":{"start":{"line":3,"column":15},"end":{"line":3,"column":23}},"1":{"start":{"line":6,"column":0},"end":{"line":11,"column":3}},"2":{"start":{"line":7,"column":2},"end":{"line":10,"column":57}},"3":{"start":{"line":8,"column":4},"end":{"line":8,"column":35}},"4":{"start":{"line":10,"column":4},"end":{"line":10,"column":57}}},"fnMap":{"0":{"name":"(anonymous_0)","decl":{"start":{"line":6,"column":23},"end":{"line":6,"column":24}},"loc":{"start":{"line":6,"column":43},"end":{"line":11,"column":1}},"line":6}},"branchMap":{"0":{"loc":{"start":{"line":7,"column":2},"end":{"line":10,"column":57}},"type":"if","locations":[{"start":{"line":7,"column":2},"end":{"line":10,"column":57}},{"start":{"line":10,"column":4},"end":{"line":10,"column":57}}],"line":7}},"s":{"0":1,"1":1,"2":0,"3":0,"4":0},"f":{"0":0},"b":{"0":[0,0]},"_coverageSchema":"1a1c01bbd47fc00a2c39e90264f33305004495a9","hash":"21150efa9ffd92661410a5af2767e10ed44e0863"}
,"C:\\Users\\bruno\\Desktop\\Polito\\sw2\\ThesisManagement\\se2-05-ThesisManagement\\server\\src\\routes\\student.route.js": {"path":"C:\\Users\\bruno\\Desktop\\Polito\\sw2\\ThesisManagement\\se2-05-ThesisManagement\\server\\src\\routes\\student.route.js","statementMap":{"0":{"start":{"line":6,"column":15},"end":{"line":6,"column":23}},"1":{"start":{"line":8,"column":0},"end":{"line":8,"column":44}}},"fnMap":{},"branchMap":{},"s":{"0":1,"1":1},"f":{},"b":{},"_coverageSchema":"1a1c01bbd47fc00a2c39e90264f33305004495a9","hash":"039759c1eca51bf3f8ba053a4de1f75570066647"}
,"C:\\Users\\bruno\\Desktop\\Polito\\sw2\\ThesisManagement\\se2-05-ThesisManagement\\server\\src\\routes\\teacher.route.js": {"path":"C:\\Users\\bruno\\Desktop\\Polito\\sw2\\ThesisManagement\\se2-05-ThesisManagement\\server\\src\\routes\\teacher.route.js","statementMap":{"0":{"start":{"line":6,"column":15},"end":{"line":6,"column":23}},"1":{"start":{"line":8,"column":0},"end":{"line":8,"column":41}},"2":{"start":{"line":9,"column":0},"end":{"line":9,"column":43}}},"fnMap":{},"branchMap":{},"s":{"0":1,"1":1,"2":1},"f":{},"b":{},"_coverageSchema":"1a1c01bbd47fc00a2c39e90264f33305004495a9","hash":"1c534cee5d51c3834a52d399c4279e0cc44ce966"}
,"C:\\Users\\bruno\\Desktop\\Polito\\sw2\\ThesisManagement\\se2-05-ThesisManagement\\server\\src\\routes\\user.route.js": {"path":"C:\\Users\\bruno\\Desktop\\Polito\\sw2\\ThesisManagement\\se2-05-ThesisManagement\\server\\src\\routes\\user.route.js","statementMap":{"0":{"start":{"line":5,"column":15},"end":{"line":5,"column":23}},"1":{"start":{"line":7,"column":0},"end":{"line":17,"column":5}},"2":{"start":{"line":8,"column":4},"end":{"line":16,"column":22}},"3":{"start":{"line":9,"column":8},"end":{"line":9,"column":34}},"4":{"start":{"line":9,"column":17},"end":{"line":9,"column":34}},"5":{"start":{"line":10,"column":8},"end":{"line":10,"column":49}},"6":{"start":{"line":10,"column":19},"end":{"line":10,"column":49}},"7":{"start":{"line":11,"column":8},"end":{"line":14,"column":11}},"8":{"start":{"line":12,"column":12},"end":{"line":12,"column":42}},"9":{"start":{"line":12,"column":23},"end":{"line":12,"column":40}},"10":{"start":{"line":13,"column":12},"end":{"line":13,"column":37}},"11":{"start":{"line":19,"column":0},"end":{"line":31,"column":4}},"12":{"start":{"line":20,"column":4},"end":{"line":29,"column":22}},"13":{"start":{"line":21,"column":8},"end":{"line":21,"column":34}},"14":{"start":{"line":21,"column":17},"end":{"line":21,"column":34}},"15":{"start":{"line":22,"column":8},"end":{"line":22,"column":49}},"16":{"start":{"line":22,"column":19},"end":{"line":22,"column":49}},"17":{"start":{"line":23,"column":8},"end":{"line":27,"column":11}},"18":{"start":{"line":24,"column":12},"end":{"line":24,"column":42}},"19":{"start":{"line":24,"column":23},"end":{"line":24,"column":40}},"20":{"start":{"line":25,"column":29},"end":{"line":25,"column":70}},"21":{"start":{"line":26,"column":12},"end":{"line":26,"column":74}},"22":{"start":{"line":33,"column":0},"end":{"line":40,"column":5}},"23":{"start":{"line":34,"column":4},"end":{"line":39,"column":7}},"24":{"start":{"line":35,"column":8},"end":{"line":35,"column":38}},"25":{"start":{"line":35,"column":19},"end":{"line":35,"column":36}},"26":{"start":{"line":37,"column":28},"end":{"line":37,"column":52}},"27":{"start":{"line":38,"column":8},"end":{"line":38,"column":41}}},"fnMap":{"0":{"name":"(anonymous_0)","decl":{"start":{"line":7,"column":21},"end":{"line":7,"column":22}},"loc":{"start":{"line":7,"column":41},"end":{"line":17,"column":3}},"line":7},"1":{"name":"(anonymous_1)","decl":{"start":{"line":8,"column":35},"end":{"line":8,"column":36}},"loc":{"start":{"line":8,"column":62},"end":{"line":15,"column":5}},"line":8},"2":{"name":"(anonymous_2)","decl":{"start":{"line":11,"column":24},"end":{"line":11,"column":25}},"loc":{"start":{"line":11,"column":39},"end":{"line":14,"column":9}},"line":11},"3":{"name":"(anonymous_3)","decl":{"start":{"line":19,"column":30},"end":{"line":19,"column":31}},"loc":{"start":{"line":19,"column":50},"end":{"line":30,"column":3}},"line":19},"4":{"name":"(anonymous_4)","decl":{"start":{"line":20,"column":35},"end":{"line":20,"column":36}},"loc":{"start":{"line":20,"column":62},"end":{"line":28,"column":5}},"line":20},"5":{"name":"(anonymous_5)","decl":{"start":{"line":23,"column":24},"end":{"line":23,"column":25}},"loc":{"start":{"line":23,"column":45},"end":{"line":27,"column":9}},"line":23},"6":{"name":"(anonymous_6)","decl":{"start":{"line":33,"column":22},"end":{"line":33,"column":23}},"loc":{"start":{"line":33,"column":36},"end":{"line":40,"column":3}},"line":33},"7":{"name":"(anonymous_7)","decl":{"start":{"line":34,"column":20},"end":{"line":34,"column":21}},"loc":{"start":{"line":34,"column":35},"end":{"line":39,"column":5}},"line":34}},"branchMap":{"0":{"loc":{"start":{"line":9,"column":8},"end":{"line":9,"column":34}},"type":"if","locations":[{"start":{"line":9,"column":8},"end":{"line":9,"column":34}},{"start":{},"end":{}}],"line":9},"1":{"loc":{"start":{"line":10,"column":8},"end":{"line":10,"column":49}},"type":"if","locations":[{"start":{"line":10,"column":8},"end":{"line":10,"column":49}},{"start":{},"end":{}}],"line":10},"2":{"loc":{"start":{"line":12,"column":12},"end":{"line":12,"column":42}},"type":"if","locations":[{"start":{"line":12,"column":12},"end":{"line":12,"column":42}},{"start":{},"end":{}}],"line":12},"3":{"loc":{"start":{"line":21,"column":8},"end":{"line":21,"column":34}},"type":"if","locations":[{"start":{"line":21,"column":8},"end":{"line":21,"column":34}},{"start":{},"end":{}}],"line":21},"4":{"loc":{"start":{"line":22,"column":8},"end":{"line":22,"column":49}},"type":"if","locations":[{"start":{"line":22,"column":8},"end":{"line":22,"column":49}},{"start":{},"end":{}}],"line":22},"5":{"loc":{"start":{"line":24,"column":12},"end":{"line":24,"column":42}},"type":"if","locations":[{"start":{"line":24,"column":12},"end":{"line":24,"column":42}},{"start":{},"end":{}}],"line":24},"6":{"loc":{"start":{"line":35,"column":8},"end":{"line":35,"column":38}},"type":"if","locations":[{"start":{"line":35,"column":8},"end":{"line":35,"column":38}},{"start":{},"end":{}}],"line":35}},"s":{"0":1,"1":1,"2":0,"3":0,"4":0,"5":0,"6":0,"7":0,"8":0,"9":0,"10":0,"11":1,"12":0,"13":0,"14":0,"15":0,"16":0,"17":0,"18":0,"19":0,"20":0,"21":0,"22":1,"23":0,"24":0,"25":0,"26":0,"27":0},"f":{"0":0,"1":0,"2":0,"3":0,"4":0,"5":0,"6":0,"7":0},"b":{"0":[0,0],"1":[0,0],"2":[0,0],"3":[0,0],"4":[0,0],"5":[0,0],"6":[0,0]},"_coverageSchema":"1a1c01bbd47fc00a2c39e90264f33305004495a9","hash":"71c85b57c8b5adc8a60a0b6341881ef4ba5769df"}
,"C:\\Users\\bruno\\Desktop\\Polito\\sw2\\ThesisManagement\\se2-05-ThesisManagement\\server\\src\\services\\application.services.js": {"path":"C:\\Users\\bruno\\Desktop\\Polito\\sw2\\ThesisManagement\\se2-05-ThesisManagement\\server\\src\\services\\application.services.js","statementMap":{"0":{"start":{"line":7,"column":37},"end":{"line":56,"column":1}},"1":{"start":{"line":12,"column":2},"end":{"line":55,"column":5}},"2":{"start":{"line":13,"column":4},"end":{"line":54,"column":5}},"3":{"start":{"line":14,"column":22},"end":{"line":14,"column":58}},"4":{"start":{"line":15,"column":23},"end":{"line":15,"column":61}},"5":{"start":{"line":16,"column":6},"end":{"line":22,"column":7}},"6":{"start":{"line":17,"column":8},"end":{"line":21,"column":11}},"7":{"start":{"line":23,"column":6},"end":{"line":30,"column":7}},"8":{"start":{"line":24,"column":8},"end":{"line":29,"column":11}},"9":{"start":{"line":31,"column":6},"end":{"line":37,"column":7}},"10":{"start":{"line":32,"column":8},"end":{"line":36,"column":11}},"11":{"start":{"line":38,"column":18},"end":{"line":38,"column":104}},"12":{"start":{"line":39,"column":6},"end":{"line":51,"column":9}},"13":{"start":{"line":40,"column":8},"end":{"line":42,"column":9}},"14":{"start":{"line":41,"column":10},"end":{"line":41,"column":29}},"15":{"start":{"line":43,"column":28},"end":{"line":49,"column":9}},"16":{"start":{"line":50,"column":8},"end":{"line":50,"column":41}},"17":{"start":{"line":53,"column":6},"end":{"line":53,"column":20}},"18":{"start":{"line":58,"column":27},"end":{"line":83,"column":1}},"19":{"start":{"line":59,"column":27},"end":{"line":68,"column":18}},"20":{"start":{"line":70,"column":2},"end":{"line":82,"column":5}},"21":{"start":{"line":71,"column":4},"end":{"line":81,"column":7}},"22":{"start":{"line":72,"column":6},"end":{"line":74,"column":7}},"23":{"start":{"line":73,"column":8},"end":{"line":73,"column":27}},"24":{"start":{"line":75,"column":6},"end":{"line":79,"column":7}},"25":{"start":{"line":76,"column":8},"end":{"line":78,"column":11}},"26":{"start":{"line":80,"column":6},"end":{"line":80,"column":43}},"27":{"start":{"line":85,"column":43},"end":{"line":108,"column":1}},"28":{"start":{"line":86,"column":4},"end":{"line":107,"column":7}},"29":{"start":{"line":87,"column":20},"end":{"line":87,"column":154}},"30":{"start":{"line":88,"column":8},"end":{"line":106,"column":11}},"31":{"start":{"line":89,"column":12},"end":{"line":91,"column":13}},"32":{"start":{"line":90,"column":16},"end":{"line":90,"column":35}},"33":{"start":{"line":92,"column":33},"end":{"line":104,"column":14}},"34":{"start":{"line":93,"column":28},"end":{"line":102,"column":17}},"35":{"start":{"line":103,"column":16},"end":{"line":103,"column":27}},"36":{"start":{"line":105,"column":12},"end":{"line":105,"column":35}},"37":{"start":{"line":110,"column":42},"end":{"line":173,"column":1}},"38":{"start":{"line":111,"column":2},"end":{"line":172,"column":5}},"39":{"start":{"line":112,"column":16},"end":{"line":142,"column":36}},"40":{"start":{"line":144,"column":4},"end":{"line":171,"column":7}},"41":{"start":{"line":145,"column":6},"end":{"line":147,"column":7}},"42":{"start":{"line":146,"column":8},"end":{"line":146,"column":27}},"43":{"start":{"line":149,"column":24},"end":{"line":166,"column":8}},"44":{"start":{"line":150,"column":32},"end":{"line":150,"column":67}},"45":{"start":{"line":151,"column":25},"end":{"line":151,"column":58}},"46":{"start":{"line":152,"column":28},"end":{"line":152,"column":67}},"47":{"start":{"line":154,"column":35},"end":{"line":154,"column":55}},"48":{"start":{"line":155,"column":38},"end":{"line":155,"column":61}},"49":{"start":{"line":157,"column":8},"end":{"line":157,"column":61}},"50":{"start":{"line":158,"column":8},"end":{"line":163,"column":10}},"51":{"start":{"line":165,"column":8},"end":{"line":165,"column":34}},"52":{"start":{"line":168,"column":6},"end":{"line":170,"column":41}},"53":{"start":{"line":169,"column":26},"end":{"line":169,"column":41}},"54":{"start":{"line":170,"column":26},"end":{"line":170,"column":39}}},"fnMap":{"0":{"name":"(anonymous_0)","decl":{"start":{"line":7,"column":37},"end":{"line":7,"column":38}},"loc":{"start":{"line":11,"column":5},"end":{"line":56,"column":1}},"line":11},"1":{"name":"(anonymous_1)","decl":{"start":{"line":12,"column":21},"end":{"line":12,"column":22}},"loc":{"start":{"line":12,"column":48},"end":{"line":55,"column":3}},"line":12},"2":{"name":"(anonymous_2)","decl":{"start":{"line":39,"column":62},"end":{"line":39,"column":63}},"loc":{"start":{"line":39,"column":77},"end":{"line":51,"column":7}},"line":39},"3":{"name":"(anonymous_3)","decl":{"start":{"line":58,"column":27},"end":{"line":58,"column":28}},"loc":{"start":{"line":58,"column":43},"end":{"line":83,"column":1}},"line":58},"4":{"name":"(anonymous_4)","decl":{"start":{"line":70,"column":21},"end":{"line":70,"column":22}},"loc":{"start":{"line":70,"column":42},"end":{"line":82,"column":3}},"line":70},"5":{"name":"(anonymous_5)","decl":{"start":{"line":71,"column":43},"end":{"line":71,"column":44}},"loc":{"start":{"line":71,"column":58},"end":{"line":81,"column":5}},"line":71},"6":{"name":"(anonymous_6)","decl":{"start":{"line":85,"column":43},"end":{"line":85,"column":44}},"loc":{"start":{"line":85,"column":59},"end":{"line":108,"column":1}},"line":85},"7":{"name":"(anonymous_7)","decl":{"start":{"line":86,"column":23},"end":{"line":86,"column":24}},"loc":{"start":{"line":86,"column":44},"end":{"line":107,"column":5}},"line":86},"8":{"name":"(anonymous_8)","decl":{"start":{"line":88,"column":34},"end":{"line":88,"column":35}},"loc":{"start":{"line":88,"column":49},"end":{"line":106,"column":9}},"line":88},"9":{"name":"(anonymous_9)","decl":{"start":{"line":92,"column":42},"end":{"line":92,"column":43}},"loc":{"start":{"line":92,"column":49},"end":{"line":104,"column":13}},"line":92},"10":{"name":"(anonymous_10)","decl":{"start":{"line":110,"column":42},"end":{"line":110,"column":43}},"loc":{"start":{"line":110,"column":57},"end":{"line":173,"column":1}},"line":110},"11":{"name":"(anonymous_11)","decl":{"start":{"line":111,"column":21},"end":{"line":111,"column":22}},"loc":{"start":{"line":111,"column":42},"end":{"line":172,"column":3}},"line":111},"12":{"name":"(anonymous_12)","decl":{"start":{"line":144,"column":29},"end":{"line":144,"column":30}},"loc":{"start":{"line":144,"column":50},"end":{"line":171,"column":5}},"line":144},"13":{"name":"(anonymous_13)","decl":{"start":{"line":149,"column":33},"end":{"line":149,"column":34}},"loc":{"start":{"line":149,"column":48},"end":{"line":166,"column":7}},"line":149},"14":{"name":"(anonymous_14)","decl":{"start":{"line":169,"column":14},"end":{"line":169,"column":15}},"loc":{"start":{"line":169,"column":26},"end":{"line":169,"column":41}},"line":169},"15":{"name":"(anonymous_15)","decl":{"start":{"line":170,"column":15},"end":{"line":170,"column":16}},"loc":{"start":{"line":170,"column":26},"end":{"line":170,"column":39}},"line":170}},"branchMap":{"0":{"loc":{"start":{"line":16,"column":6},"end":{"line":22,"column":7}},"type":"if","locations":[{"start":{"line":16,"column":6},"end":{"line":22,"column":7}},{"start":{},"end":{}}],"line":16},"1":{"loc":{"start":{"line":23,"column":6},"end":{"line":30,"column":7}},"type":"if","locations":[{"start":{"line":23,"column":6},"end":{"line":30,"column":7}},{"start":{},"end":{}}],"line":23},"2":{"loc":{"start":{"line":31,"column":6},"end":{"line":37,"column":7}},"type":"if","locations":[{"start":{"line":31,"column":6},"end":{"line":37,"column":7}},{"start":{},"end":{}}],"line":31},"3":{"loc":{"start":{"line":40,"column":8},"end":{"line":42,"column":9}},"type":"if","locations":[{"start":{"line":40,"column":8},"end":{"line":42,"column":9}},{"start":{},"end":{}}],"line":40},"4":{"loc":{"start":{"line":72,"column":6},"end":{"line":74,"column":7}},"type":"if","locations":[{"start":{"line":72,"column":6},"end":{"line":74,"column":7}},{"start":{},"end":{}}],"line":72},"5":{"loc":{"start":{"line":75,"column":6},"end":{"line":79,"column":7}},"type":"if","locations":[{"start":{"line":75,"column":6},"end":{"line":79,"column":7}},{"start":{},"end":{}}],"line":75},"6":{"loc":{"start":{"line":89,"column":12},"end":{"line":91,"column":13}},"type":"if","locations":[{"start":{"line":89,"column":12},"end":{"line":91,"column":13}},{"start":{},"end":{}}],"line":89},"7":{"loc":{"start":{"line":145,"column":6},"end":{"line":147,"column":7}},"type":"if","locations":[{"start":{"line":145,"column":6},"end":{"line":147,"column":7}},{"start":{},"end":{}}],"line":145}},"s":{"0":2,"1":0,"2":0,"3":0,"4":0,"5":0,"6":0,"7":0,"8":0,"9":0,"10":0,"11":0,"12":0,"13":0,"14":0,"15":0,"16":0,"17":0,"18":2,"19":0,"20":0,"21":0,"22":0,"23":0,"24":0,"25":0,"26":0,"27":2,"28":0,"29":0,"30":0,"31":0,"32":0,"33":0,"34":0,"35":0,"36":0,"37":2,"38":0,"39":0,"40":0,"41":0,"42":0,"43":0,"44":0,"45":0,"46":0,"47":0,"48":0,"49":0,"50":0,"51":0,"52":0,"53":0,"54":0},"f":{"0":0,"1":0,"2":0,"3":0,"4":0,"5":0,"6":0,"7":0,"8":0,"9":0,"10":0,"11":0,"12":0,"13":0,"14":0,"15":0},"b":{"0":[0,0],"1":[0,0],"2":[0,0],"3":[0,0],"4":[0,0],"5":[0,0],"6":[0,0],"7":[0,0]},"_coverageSchema":"1a1c01bbd47fc00a2c39e90264f33305004495a9","hash":"390f4a56534859f22ed42416ee08206be318920a"}
,"C:\\Users\\bruno\\Desktop\\Polito\\sw2\\ThesisManagement\\se2-05-ThesisManagement\\server\\src\\services\\degree.services.js": {"path":"C:\\Users\\bruno\\Desktop\\Polito\\sw2\\ThesisManagement\\se2-05-ThesisManagement\\server\\src\\services\\degree.services.js","statementMap":{"0":{"start":{"line":3,"column":29},"end":{"line":21,"column":1}},"1":{"start":{"line":4,"column":4},"end":{"line":20,"column":7}},"2":{"start":{"line":5,"column":20},"end":{"line":5,"column":43}},"3":{"start":{"line":6,"column":8},"end":{"line":19,"column":11}},"4":{"start":{"line":7,"column":12},"end":{"line":9,"column":13}},"5":{"start":{"line":8,"column":16},"end":{"line":8,"column":35}},"6":{"start":{"line":10,"column":28},"end":{"line":17,"column":14}},"7":{"start":{"line":11,"column":28},"end":{"line":15,"column":17}},"8":{"start":{"line":16,"column":16},"end":{"line":16,"column":27}},"9":{"start":{"line":18,"column":12},"end":{"line":18,"column":29}}},"fnMap":{"0":{"name":"(anonymous_0)","decl":{"start":{"line":3,"column":29},"end":{"line":3,"column":30}},"loc":{"start":{"line":3,"column":35},"end":{"line":21,"column":1}},"line":3},"1":{"name":"(anonymous_1)","decl":{"start":{"line":4,"column":23},"end":{"line":4,"column":24}},"loc":{"start":{"line":4,"column":44},"end":{"line":20,"column":5}},"line":4},"2":{"name":"(anonymous_2)","decl":{"start":{"line":6,"column":20},"end":{"line":6,"column":21}},"loc":{"start":{"line":6,"column":35},"end":{"line":19,"column":9}},"line":6},"3":{"name":"(anonymous_3)","decl":{"start":{"line":10,"column":37},"end":{"line":10,"column":38}},"loc":{"start":{"line":10,"column":44},"end":{"line":17,"column":13}},"line":10}},"branchMap":{"0":{"loc":{"start":{"line":7,"column":12},"end":{"line":9,"column":13}},"type":"if","locations":[{"start":{"line":7,"column":12},"end":{"line":9,"column":13}},{"start":{},"end":{}}],"line":7}},"s":{"0":2,"1":0,"2":0,"3":0,"4":0,"5":0,"6":0,"7":0,"8":0,"9":0},"f":{"0":0,"1":0,"2":0,"3":0},"b":{"0":[0,0]},"_coverageSchema":"1a1c01bbd47fc00a2c39e90264f33305004495a9","hash":"073ce955c1204880bc4eb9a33c1cd351fafe4d18"}
,"C:\\Users\\bruno\\Desktop\\Polito\\sw2\\ThesisManagement\\se2-05-ThesisManagement\\server\\src\\services\\group.services.js": {"path":"C:\\Users\\bruno\\Desktop\\Polito\\sw2\\ThesisManagement\\se2-05-ThesisManagement\\server\\src\\services\\group.services.js","statementMap":{"0":{"start":{"line":3,"column":28},"end":{"line":21,"column":1}},"1":{"start":{"line":4,"column":4},"end":{"line":20,"column":7}},"2":{"start":{"line":5,"column":20},"end":{"line":5,"column":42}},"3":{"start":{"line":6,"column":8},"end":{"line":19,"column":11}},"4":{"start":{"line":7,"column":12},"end":{"line":9,"column":13}},"5":{"start":{"line":8,"column":16},"end":{"line":8,"column":35}},"6":{"start":{"line":10,"column":28},"end":{"line":17,"column":14}},"7":{"start":{"line":11,"column":28},"end":{"line":15,"column":17}},"8":{"start":{"line":16,"column":16},"end":{"line":16,"column":27}},"9":{"start":{"line":18,"column":12},"end":{"line":18,"column":29}}},"fnMap":{"0":{"name":"(anonymous_0)","decl":{"start":{"line":3,"column":28},"end":{"line":3,"column":29}},"loc":{"start":{"line":3,"column":34},"end":{"line":21,"column":1}},"line":3},"1":{"name":"(anonymous_1)","decl":{"start":{"line":4,"column":23},"end":{"line":4,"column":24}},"loc":{"start":{"line":4,"column":44},"end":{"line":20,"column":5}},"line":4},"2":{"name":"(anonymous_2)","decl":{"start":{"line":6,"column":20},"end":{"line":6,"column":21}},"loc":{"start":{"line":6,"column":35},"end":{"line":19,"column":9}},"line":6},"3":{"name":"(anonymous_3)","decl":{"start":{"line":10,"column":37},"end":{"line":10,"column":38}},"loc":{"start":{"line":10,"column":44},"end":{"line":17,"column":13}},"line":10}},"branchMap":{"0":{"loc":{"start":{"line":7,"column":12},"end":{"line":9,"column":13}},"type":"if","locations":[{"start":{"line":7,"column":12},"end":{"line":9,"column":13}},{"start":{},"end":{}}],"line":7}},"s":{"0":1,"1":0,"2":0,"3":0,"4":0,"5":0,"6":0,"7":0,"8":0,"9":0},"f":{"0":0,"1":0,"2":0,"3":0},"b":{"0":[0,0]},"_coverageSchema":"1a1c01bbd47fc00a2c39e90264f33305004495a9","hash":"cd340044b287265efd9ab5f28f5a3339b0845131"}
,"C:\\Users\\bruno\\Desktop\\Polito\\sw2\\ThesisManagement\\se2-05-ThesisManagement\\server\\src\\services\\keyword.services.js": {"path":"C:\\Users\\bruno\\Desktop\\Polito\\sw2\\ThesisManagement\\se2-05-ThesisManagement\\server\\src\\services\\keyword.services.js","statementMap":{"0":{"start":{"line":3,"column":30},"end":{"line":21,"column":1}},"1":{"start":{"line":4,"column":4},"end":{"line":20,"column":7}},"2":{"start":{"line":5,"column":20},"end":{"line":5,"column":44}},"3":{"start":{"line":6,"column":8},"end":{"line":19,"column":11}},"4":{"start":{"line":7,"column":12},"end":{"line":9,"column":13}},"5":{"start":{"line":8,"column":16},"end":{"line":8,"column":35}},"6":{"start":{"line":10,"column":29},"end":{"line":17,"column":14}},"7":{"start":{"line":11,"column":28},"end":{"line":15,"column":17}},"8":{"start":{"line":16,"column":16},"end":{"line":16,"column":27}},"9":{"start":{"line":18,"column":12},"end":{"line":18,"column":30}},"10":{"start":{"line":23,"column":27},"end":{"line":33,"column":1}},"11":{"start":{"line":24,"column":4},"end":{"line":32,"column":7}},"12":{"start":{"line":25,"column":20},"end":{"line":25,"column":76}},"13":{"start":{"line":26,"column":8},"end":{"line":31,"column":11}},"14":{"start":{"line":27,"column":12},"end":{"line":29,"column":13}},"15":{"start":{"line":28,"column":16},"end":{"line":28,"column":35}},"16":{"start":{"line":30,"column":12},"end":{"line":30,"column":26}},"17":{"start":{"line":35,"column":32},"end":{"line":45,"column":1}},"18":{"start":{"line":36,"column":4},"end":{"line":44,"column":7}},"19":{"start":{"line":37,"column":20},"end":{"line":37,"column":62}},"20":{"start":{"line":38,"column":8},"end":{"line":43,"column":11}},"21":{"start":{"line":39,"column":12},"end":{"line":41,"column":13}},"22":{"start":{"line":40,"column":16},"end":{"line":40,"column":35}},"23":{"start":{"line":42,"column":12},"end":{"line":42,"column":25}}},"fnMap":{"0":{"name":"(anonymous_0)","decl":{"start":{"line":3,"column":30},"end":{"line":3,"column":31}},"loc":{"start":{"line":3,"column":36},"end":{"line":21,"column":1}},"line":3},"1":{"name":"(anonymous_1)","decl":{"start":{"line":4,"column":23},"end":{"line":4,"column":24}},"loc":{"start":{"line":4,"column":44},"end":{"line":20,"column":5}},"line":4},"2":{"name":"(anonymous_2)","decl":{"start":{"line":6,"column":20},"end":{"line":6,"column":21}},"loc":{"start":{"line":6,"column":35},"end":{"line":19,"column":9}},"line":6},"3":{"name":"(anonymous_3)","decl":{"start":{"line":10,"column":38},"end":{"line":10,"column":39}},"loc":{"start":{"line":10,"column":45},"end":{"line":17,"column":13}},"line":10},"4":{"name":"(anonymous_4)","decl":{"start":{"line":23,"column":27},"end":{"line":23,"column":28}},"loc":{"start":{"line":23,"column":44},"end":{"line":33,"column":1}},"line":23},"5":{"name":"(anonymous_5)","decl":{"start":{"line":24,"column":23},"end":{"line":24,"column":24}},"loc":{"start":{"line":24,"column":44},"end":{"line":32,"column":5}},"line":24},"6":{"name":"(anonymous_6)","decl":{"start":{"line":26,"column":35},"end":{"line":26,"column":36}},"loc":{"start":{"line":26,"column":50},"end":{"line":31,"column":9}},"line":26},"7":{"name":"(anonymous_7)","decl":{"start":{"line":35,"column":32},"end":{"line":35,"column":33}},"loc":{"start":{"line":35,"column":49},"end":{"line":45,"column":1}},"line":35},"8":{"name":"(anonymous_8)","decl":{"start":{"line":36,"column":23},"end":{"line":36,"column":24}},"loc":{"start":{"line":36,"column":44},"end":{"line":44,"column":5}},"line":36},"9":{"name":"(anonymous_9)","decl":{"start":{"line":38,"column":35},"end":{"line":38,"column":36}},"loc":{"start":{"line":38,"column":49},"end":{"line":43,"column":9}},"line":38}},"branchMap":{"0":{"loc":{"start":{"line":7,"column":12},"end":{"line":9,"column":13}},"type":"if","locations":[{"start":{"line":7,"column":12},"end":{"line":9,"column":13}},{"start":{},"end":{}}],"line":7},"1":{"loc":{"start":{"line":27,"column":12},"end":{"line":29,"column":13}},"type":"if","locations":[{"start":{"line":27,"column":12},"end":{"line":29,"column":13}},{"start":{},"end":{}}],"line":27},"2":{"loc":{"start":{"line":39,"column":12},"end":{"line":41,"column":13}},"type":"if","locations":[{"start":{"line":39,"column":12},"end":{"line":41,"column":13}},{"start":{},"end":{}}],"line":39}},"s":{"0":4,"1":0,"2":0,"3":0,"4":0,"5":0,"6":0,"7":0,"8":0,"9":0,"10":4,"11":0,"12":0,"13":0,"14":0,"15":0,"16":0,"17":4,"18":1,"19":1,"20":1,"21":1,"22":0,"23":1},"f":{"0":0,"1":0,"2":0,"3":0,"4":0,"5":0,"6":0,"7":1,"8":1,"9":1},"b":{"0":[0,0],"1":[0,0],"2":[0,1]},"_coverageSchema":"1a1c01bbd47fc00a2c39e90264f33305004495a9","hash":"86bce27ab2ca227e3507561c65fa039907596f81"}
,"C:\\Users\\bruno\\Desktop\\Polito\\sw2\\ThesisManagement\\se2-05-ThesisManagement\\server\\src\\services\\level.services.js": {"path":"C:\\Users\\bruno\\Desktop\\Polito\\sw2\\ThesisManagement\\se2-05-ThesisManagement\\server\\src\\services\\level.services.js","statementMap":{"0":{"start":{"line":3,"column":28},"end":{"line":20,"column":1}},"1":{"start":{"line":4,"column":2},"end":{"line":19,"column":5}},"2":{"start":{"line":5,"column":16},"end":{"line":5,"column":60}},"3":{"start":{"line":6,"column":4},"end":{"line":18,"column":7}},"4":{"start":{"line":7,"column":6},"end":{"line":9,"column":7}},"5":{"start":{"line":8,"column":8},"end":{"line":8,"column":27}},"6":{"start":{"line":10,"column":23},"end":{"line":16,"column":8}},"7":{"start":{"line":11,"column":20},"end":{"line":14,"column":9}},"8":{"start":{"line":15,"column":8},"end":{"line":15,"column":19}},"9":{"start":{"line":17,"column":6},"end":{"line":17,"column":24}}},"fnMap":{"0":{"name":"(anonymous_0)","decl":{"start":{"line":3,"column":28},"end":{"line":3,"column":29}},"loc":{"start":{"line":3,"column":34},"end":{"line":20,"column":1}},"line":3},"1":{"name":"(anonymous_1)","decl":{"start":{"line":4,"column":21},"end":{"line":4,"column":22}},"loc":{"start":{"line":4,"column":42},"end":{"line":19,"column":3}},"line":4},"2":{"name":"(anonymous_2)","decl":{"start":{"line":6,"column":16},"end":{"line":6,"column":17}},"loc":{"start":{"line":6,"column":31},"end":{"line":18,"column":5}},"line":6},"3":{"name":"(anonymous_3)","decl":{"start":{"line":10,"column":32},"end":{"line":10,"column":33}},"loc":{"start":{"line":10,"column":39},"end":{"line":16,"column":7}},"line":10}},"branchMap":{"0":{"loc":{"start":{"line":7,"column":6},"end":{"line":9,"column":7}},"type":"if","locations":[{"start":{"line":7,"column":6},"end":{"line":9,"column":7}},{"start":{},"end":{}}],"line":7}},"s":{"0":3,"1":1,"2":1,"3":1,"4":1,"5":0,"6":1,"7":1,"8":1,"9":1},"f":{"0":1,"1":1,"2":1,"3":1},"b":{"0":[0,1]},"_coverageSchema":"1a1c01bbd47fc00a2c39e90264f33305004495a9","hash":"3b25afe66fe1c713126c916cd100103118d88f39"}
,"C:\\Users\\bruno\\Desktop\\Polito\\sw2\\ThesisManagement\\se2-05-ThesisManagement\\server\\src\\services\\proposal.services.js": {"path":"C:\\Users\\bruno\\Desktop\\Polito\\sw2\\ThesisManagement\\se2-05-ThesisManagement\\server\\src\\services\\proposal.services.js","statementMap":{"0":{"start":{"line":6,"column":34},"end":{"line":98,"column":1}},"1":{"start":{"line":14,"column":2},"end":{"line":97,"column":5}},"2":{"start":{"line":15,"column":19},"end":{"line":15,"column":21}},"3":{"start":{"line":16,"column":17},"end":{"line":16,"column":19}},"4":{"start":{"line":17,"column":19},"end":{"line":17,"column":21}},"5":{"start":{"line":18,"column":21},"end":{"line":18,"column":23}},"6":{"start":{"line":19,"column":31},"end":{"line":19,"column":33}},"7":{"start":{"line":20,"column":4},"end":{"line":23,"column":5}},"8":{"start":{"line":21,"column":6},"end":{"line":21,"column":71}},"9":{"start":{"line":21,"column":53},"end":{"line":21,"column":56}},"10":{"start":{"line":22,"column":6},"end":{"line":22,"column":32}},"11":{"start":{"line":24,"column":4},"end":{"line":29,"column":5}},"12":{"start":{"line":25,"column":6},"end":{"line":27,"column":22}},"13":{"start":{"line":26,"column":19},"end":{"line":26,"column":22}},"14":{"start":{"line":28,"column":6},"end":{"line":28,"column":34}},"15":{"start":{"line":30,"column":4},"end":{"line":33,"column":5}},"16":{"start":{"line":31,"column":6},"end":{"line":31,"column":44}},"17":{"start":{"line":32,"column":6},"end":{"line":32,"column":33}},"18":{"start":{"line":34,"column":4},"end":{"line":37,"column":5}},"19":{"start":{"line":35,"column":6},"end":{"line":35,"column":52}},"20":{"start":{"line":36,"column":6},"end":{"line":36,"column":30}},"21":{"start":{"line":39,"column":15},"end":{"line":39,"column":17}},"22":{"start":{"line":40,"column":4},"end":{"line":49,"column":5}},"23":{"start":{"line":41,"column":6},"end":{"line":41,"column":56}},"24":{"start":{"line":42,"column":6},"end":{"line":42,"column":40}},"25":{"start":{"line":43,"column":11},"end":{"line":49,"column":5}},"26":{"start":{"line":44,"column":6},"end":{"line":44,"column":43}},"27":{"start":{"line":45,"column":6},"end":{"line":45,"column":30}},"28":{"start":{"line":46,"column":11},"end":{"line":49,"column":5}},"29":{"start":{"line":47,"column":6},"end":{"line":47,"column":43}},"30":{"start":{"line":48,"column":6},"end":{"line":48,"column":28}},"31":{"start":{"line":51,"column":16},"end":{"line":82,"column":5}},"32":{"start":{"line":83,"column":4},"end":{"line":96,"column":7}},"33":{"start":{"line":84,"column":6},"end":{"line":86,"column":7}},"34":{"start":{"line":85,"column":8},"end":{"line":85,"column":27}},"35":{"start":{"line":87,"column":24},"end":{"line":87,"column":26}},"36":{"start":{"line":88,"column":6},"end":{"line":94,"column":7}},"37":{"start":{"line":89,"column":32},"end":{"line":89,"column":67}},"38":{"start":{"line":90,"column":25},"end":{"line":90,"column":58}},"39":{"start":{"line":91,"column":35},"end":{"line":91,"column":55}},"40":{"start":{"line":92,"column":8},"end":{"line":92,"column":61}},"41":{"start":{"line":93,"column":8},"end":{"line":93,"column":43}},"42":{"start":{"line":95,"column":6},"end":{"line":95,"column":32}},"43":{"start":{"line":100,"column":40},"end":{"line":126,"column":1}},"44":{"start":{"line":101,"column":2},"end":{"line":125,"column":5}},"45":{"start":{"line":102,"column":24},"end":{"line":102,"column":26}},"46":{"start":{"line":103,"column":16},"end":{"line":107,"column":3}},"47":{"start":{"line":108,"column":4},"end":{"line":124,"column":6}},"48":{"start":{"line":116,"column":8},"end":{"line":118,"column":9}},"49":{"start":{"line":117,"column":10},"end":{"line":117,"column":29}},"50":{"start":{"line":119,"column":8},"end":{"line":121,"column":9}},"51":{"start":{"line":120,"column":10},"end":{"line":120,"column":60}},"52":{"start":{"line":122,"column":8},"end":{"line":122,"column":29}},"53":{"start":{"line":128,"column":33},"end":{"line":138,"column":1}},"54":{"start":{"line":129,"column":2},"end":{"line":137,"column":5}},"55":{"start":{"line":130,"column":16},"end":{"line":130,"column":68}},"56":{"start":{"line":131,"column":4},"end":{"line":136,"column":7}},"57":{"start":{"line":132,"column":6},"end":{"line":134,"column":7}},"58":{"start":{"line":133,"column":8},"end":{"line":133,"column":27}},"59":{"start":{"line":135,"column":6},"end":{"line":135,"column":27}},"60":{"start":{"line":140,"column":35},"end":{"line":165,"column":1}},"61":{"start":{"line":141,"column":2},"end":{"line":164,"column":5}},"62":{"start":{"line":142,"column":30},"end":{"line":152,"column":20}},"63":{"start":{"line":153,"column":4},"end":{"line":163,"column":7}},"64":{"start":{"line":154,"column":6},"end":{"line":156,"column":7}},"65":{"start":{"line":155,"column":8},"end":{"line":155,"column":27}},"66":{"start":{"line":157,"column":6},"end":{"line":161,"column":7}},"67":{"start":{"line":158,"column":8},"end":{"line":160,"column":11}},"68":{"start":{"line":162,"column":6},"end":{"line":162,"column":53}},"69":{"start":{"line":180,"column":31},"end":{"line":267,"column":1}},"70":{"start":{"line":193,"column":2},"end":{"line":266,"column":4}},"71":{"start":{"line":194,"column":4},"end":{"line":265,"column":5}},"72":{"start":{"line":195,"column":6},"end":{"line":261,"column":9}},"73":{"start":{"line":196,"column":21},"end":{"line":196,"column":52}},"74":{"start":{"line":197,"column":24},"end":{"line":199,"column":9}},"75":{"start":{"line":200,"column":8},"end":{"line":210,"column":10}},"76":{"start":{"line":211,"column":8},"end":{"line":211,"column":27}},"77":{"start":{"line":213,"column":24},"end":{"line":215,"column":9}},"78":{"start":{"line":216,"column":27},"end":{"line":216,"column":79}},"79":{"start":{"line":218,"column":25},"end":{"line":220,"column":9}},"80":{"start":{"line":221,"column":24},"end":{"line":223,"column":9}},"81":{"start":{"line":224,"column":8},"end":{"line":259,"column":11}},"82":{"start":{"line":225,"column":10},"end":{"line":227,"column":11}},"83":{"start":{"line":226,"column":12},"end":{"line":226,"column":24}},"84":{"start":{"line":228,"column":25},"end":{"line":228,"column":31}},"85":{"start":{"line":229,"column":10},"end
[...]
{"line":193,"column":21},"end":{"line":193,"column":22}},"loc":{"start":{"line":193,"column":42},"end":{"line":266,"column":3}},"line":193},"16":{"name":"(anonymous_16)","decl":{"start":{"line":195,"column":19},"end":{"line":195,"column":20}},"loc":{"start":{"line":195,"column":31},"end":{"line":261,"column":7}},"line":195},"17":{"name":"(anonymous_17)","decl":{"start":{"line":224,"column":20},"end":{"line":224,"column":21}},"loc":{"start":{"line":224,"column":40},"end":{"line":259,"column":9}},"line":224},"18":{"name":"(anonymous_18)","decl":{"start":{"line":245,"column":31},"end":{"line":245,"column":32}},"loc":{"start":{"line":245,"column":45},"end":{"line":254,"column":13}},"line":245},"19":{"name":"(anonymous_19)","decl":{"start":{"line":269,"column":39},"end":{"line":269,"column":40}},"loc":{"start":{"line":269,"column":54},"end":{"line":300,"column":1}},"line":269},"20":{"name":"(anonymous_20)","decl":{"start":{"line":270,"column":21},"end":{"line":270,"column":22}},"loc":{"start":{"line":270,"column":42},"end":{"line":299,"column":3}},"line":270},"21":{"name":"(anonymous_21)","decl":{"start":{"line":275,"column":40},"end":{"line":275,"column":41}},"loc":{"start":{"line":275,"column":55},"end":{"line":298,"column":5}},"line":275},"22":{"name":"(anonymous_22)","decl":{"start":{"line":279,"column":33},"end":{"line":279,"column":34}},"loc":{"start":{"line":279,"column":40},"end":{"line":296,"column":7}},"line":279},"23":{"name":"(anonymous_23)","decl":{"start":{"line":302,"column":34},"end":{"line":302,"column":35}},"loc":{"start":{"line":302,"column":50},"end":{"line":367,"column":1}},"line":302},"24":{"name":"(anonymous_24)","decl":{"start":{"line":303,"column":21},"end":{"line":303,"column":22}},"loc":{"start":{"line":303,"column":42},"end":{"line":366,"column":3}},"line":303},"25":{"name":"(anonymous_25)","decl":{"start":{"line":305,"column":19},"end":{"line":305,"column":20}},"loc":{"start":{"line":305,"column":31},"end":{"line":362,"column":7}},"line":305},"26":{"name":"(anonymous_26)","decl":{"start":{"line":312,"column":42},"end":{"line":312,"column":43}},"loc":{"start":{"line":312,"column":56},"end":{"line":318,"column":9}},"line":312},"27":{"name":"(anonymous_27)","decl":{"start":{"line":318,"column":11},"end":{"line":318,"column":12}},"loc":{"start":{"line":318,"column":17},"end":{"line":359,"column":9}},"line":318},"28":{"name":"(anonymous_28)","decl":{"start":{"line":371,"column":41},"end":{"line":371,"column":42}},"loc":{"start":{"line":371,"column":57},"end":{"line":386,"column":1}},"line":371},"29":{"name":"(anonymous_29)","decl":{"start":{"line":372,"column":21},"end":{"line":372,"column":22}},"loc":{"start":{"line":372,"column":42},"end":{"line":385,"column":3}},"line":372},"30":{"name":"(anonymous_30)","decl":{"start":{"line":374,"column":30},"end":{"line":374,"column":31}},"loc":{"start":{"line":374,"column":44},"end":{"line":384,"column":5}},"line":374}},"branchMap":{"0":{"loc":{"start":{"line":20,"column":4},"end":{"line":23,"column":5}},"type":"if","locations":[{"start":{"line":20,"column":4},"end":{"line":23,"column":5}},{"start":{},"end":{}}],"line":20},"1":{"loc":{"start":{"line":20,"column":8},"end":{"line":20,"column":41}},"type":"binary-expr","locations":[{"start":{"line":20,"column":8},"end":{"line":20,"column":17}},{"start":{"line":20,"column":21},"end":{"line":20,"column":41}}],"line":20},"2":{"loc":{"start":{"line":24,"column":4},"end":{"line":29,"column":5}},"type":"if","locations":[{"start":{"line":24,"column":4},"end":{"line":29,"column":5}},{"start":{},"end":{}}],"line":24},"3":{"loc":{"start":{"line":24,"column":8},"end":{"line":24,"column":45}},"type":"binary-expr","locations":[{"start":{"line":24,"column":8},"end":{"line":24,"column":19}},{"start":{"line":24,"column":23},"end":{"line":24,"column":45}}],"line":24},"4":{"loc":{"start":{"line":30,"column":4},"end":{"line":33,"column":5}},"type":"if","locations":[{"start":{"line":30,"column":4},"end":{"line":33,"column":5}},{"start":{},"end":{}}],"line":30},"5":{"loc":{"start":{"line":34,"column":4},"end":{"line":37,"column":5}},"type":"if","locations":[{"start":{"line":34,"column":4},"end":{"line":37,"column":5}},{"start":{},"end":{}}],"line":34},"6":{"loc":{"start":{"line":40,"column":4},"end":{"line":49,"column":5}},"type":"if","locations":[{"start":{"line":40,"column":4},"end":{"line":49,"column":5}},{"start":{"line":43,"column":11},"end":{"line":49,"column":5}}],"line":40},"7":{"loc":{"start":{"line":40,"column":8},"end":{"line":40,"column":30}},"type":"binary-expr","locations":[{"start":{"line":40,"column":8},"end":{"line":40,"column":18}},{"start":{"line":40,"column":22},"end":{"line":40,"column":30}}],"line":40},"8":{"loc":{"start":{"line":43,"column":11},"end":{"line":49,"column":5}},"type":"if","locations":[{"start":{"line":43,"column":11},"end":{"line":49,"column":5}},{"start":{"line":46,"column":11},"end":{"line":49,"column":5}}],"line":43},"9":{"loc":{"start":{"line":46,"column":11},"end":{"line":49,"column":5}},"type":"if","locations":[{"start":{"line":46,"column":11},"end":{"line":49,"column":5}},{"start":{},"end":{}}],"line":46},"10":{"loc":{"start":{"line":84,"column":6},"end":{"line":86,"column":7}},"type":"if","locations":[{"start":{"line":84,"column":6},"end":{"line":86,"column":7}},{"start":{},"end":{}}],"line":84},"11":{"loc":{"start":{"line":116,"column":8},"end":{"line":118,"column":9}},"type":"if","locations":[{"start":{"line":116,"column":8},"end":{"line":118,"column":9}},{"start":{},"end":{}}],"line":116},"12":{"loc":{"start":{"line":132,"column":6},"end":{"line":134,"column":7}},"type":"if","locations":[{"start":{"line":132,"column":6},"end":{"line":134,"column":7}},{"start":{},"end":{}}],"line":132},"13":{"loc":{"start":{"line":154,"column":6},"end":{"line":156,"column":7}},"type":"if","locations":[{"start":{"line":154,"column":6},"end":{"line":156,"column":7}},{"start":{},"end":{}}],"line":154},"14":{"loc":{"start":{"line":157,"column":6},"end":{"line":161,"column":7}},"type":"if","locations":[{"start":{"line":157,"column":6},"end":{"line":161,"column":7}},{"start":{},"end":{}}],"line":157},"15":{"loc":{"start":{"line":225,"column":10},"end":{"line":227,"column":11}},"type":"if","locations":[{"start":{"line":225,"column":10},"end":{"line":227,"column":11}},{"start":{},"end":{}}],"line":225},"16":{"loc":{"start":{"line":229,"column":10},"end":{"line":242,"column":11}},"type":"if","locations":[{"start":{"line":229,"column":10},"end":{"line":242,"column":11}},{"start":{},"end":{}}],"line":229},"17":{"loc":{"start":{"line":230,"column":12},"end":{"line":231,"column":52}},"type":"binary-expr","locations":[{"start":{"line":230,"column":12},"end":{"line":230,"column":41}},{"start":{"line":231,"column":12},"end":{"line":231,"column":52}}],"line":230},"18":{"loc":{"start":{"line":237,"column":16},"end":{"line":237,"column":26}},"type":"binary-expr","locations":[{"start":{"line":237,"column":16},"end":{"line":237,"column":18}},{"start":{"line":237,"column":22},"end":{"line":237,"column":26}}],"line":237},"19":{"loc":{"start":{"line":238,"column":16},"end":{"line":238,"column":61}},"type":"binary-expr","locations":[{"start":{"line":238,"column":16},"end":{"line":238,"column":53}},{"start":{"line":238,"column":57},"end":{"line":238,"column":61}}],"line":238},"20":{"loc":{"start":{"line":246,"column":14},"end":{"line":253,"column":15}},"type":"if","locations":[{"start":{"line":246,"column":14},"end":{"line":253,"column":15}},{"start":{"line":248,"column":21},"end":{"line":253,"column":15}}],"line":246},"21":{"loc":{"start":{"line":249,"column":16},"end":{"line":252,"column":17}},"type":"if","locations":[{"start":{"line":249,"column":16},"end":{"line":252,"column":17}},{"start":{},"end":{}}],"line":249},"22":{"loc":{"start":{"line":276,"column":6},"end":{"line":278,"column":7}},"type":"if","locations":[{"start":{"line":276,"column":6},"end":{"line":278,"column":7}},{"start":{},"end":{}}],"line":276},"23":{"loc":{"start":{"line":313,"column":10},"end":{"line":317,"column":11}},"type":"if","locations":[{"start":{"line":313,"column":10},"end":{"line":317,"column":11}},{"start":{"line":315,"column":17},"end":{"line":317,"column":11}}],"line":313},"24":{"loc":{"start":{"line":375,"column":6},"end":{"line":377,"column":7}},"type":"if","locations":[{"start":{"line":375,"column":6},"end":{"line":377,"column":7}},{"start":{},"end":{}}],"line":375},"25":{"loc":{"start":{"line":379,"column":6},"end":{"line":381,"column":7}},"type":"if","locations":[{"start":{"line":379,"column":6},"end":{"line":381,"column":7}},{"start":{},"end":{}}],"line":379}},"s":{"0":3,"1":0,"2":0,"3":0,"4":0,"5":0,"6":0,"7":0,"8":0,"9":0,"10":0,"11":0,"12":0,"13":0,"14":0,"15":0,"16":0,"17":0,"18":0,"19":0,"20":0,"21":0,"22":0,"23":0,"24":0,"25":0,"26":0,"27":0,"28":0,"29":0,"30":0,"31":0,"32":0,"33":0,"34":0,"35":0,"36":0,"37":0,"38":0,"39":0,"40":0,"41":0,"42":0,"43":3,"44":0,"45":0,"46":0,"47":0,"48":0,"49":0,"50":0,"51":0,"52":0,"53":3,"54":0,"55":0,"56":0,"57":0,"58":0,"59":0,"60":3,"61":0,"62":0,"63":0,"64":0,"65":0,"66":0,"67":0,"68":0,"69":3,"70":0,"71":0,"72":0,"73":0,"74":0,"75":0,"76":0,"77":0,"78":0,"79":0,"80":0,"81":0,"82":0,"83":0,"84":0,"85":0,"86":0,"87":0,"88":0,"89":0,"90":0,"91":0,"92":0,"93":0,"94":0,"95":0,"96":0,"97":0,"98":0,"99":0,"100":0,"101":3,"102":0,"103":0,"104":0,"105":0,"106":0,"107":0,"108":0,"109":0,"110":0,"111":3,"112":0,"113":0,"114":0,"115":0,"116":0,"117":0,"118":0,"119":0,"120":0,"121":0,"122":0,"123":0,"124":0,"125":0,"126":0,"127":0,"128":0,"129":0,"130":0,"131":0,"132":0,"133":0,"134":0,"135":0,"136":0,"137":0,"138":0,"139":3,"140":0,"141":0,"142":0,"143":0,"144":0,"145":0,"146":0,"147":0},"f":{"0":0,"1":0,"2":0,"3":0,"4":0,"5":0,"6":0,"7":0,"8":0,"9":0,"10":0,"11":0,"12":0,"13":0,"14":0,"15":0,"16":0,"17":0,"18":0,"19":0,"20":0,"21":0,"22":0,"23":0,"24":0,"25":0,"26":0,"27":0,"28":0,"29":0,"30":0},"b":{"0":[0,0],"1":[0,0],"2":[0,0],"3":[0,0],"4":[0,0],"5":[0,0],"6":[0,0],"7":[0,0],"8":[0,0],"9":[0,0],"10":[0,0],"11":[0,0],"12":[0,0],"13":[0,0],"14":[0,0],"15":[0,0],"16":[0,0],"17":[0,0],"18":[0,0],"19":[0,0],"20":[0,0],"21":[0,0],"22":[0,0],"23":[0,0],"24":[0,0],"25":[0,0]},"_coverageSchema":"1a1c01bbd47fc00a2c39e90264f33305004495a9","hash":"18de0ce85776993daa53dd85ceba8b4ed9739e69"}
,"C:\\Users\\bruno\\Desktop\\Polito\\sw2\\ThesisManagement\\se2-05-ThesisManagement\\server\\src\\services\\student.services.js": {"path":"C:\\Users\\bruno\\Desktop\\Polito\\sw2\\ThesisManagement\\se2-05-ThesisManagement\\server\\src\\services\\student.services.js","statementMap":{"0":{"start":{"line":3,"column":30},"end":{"line":28,"column":1}},"1":{"start":{"line":5,"column":4},"end":{"line":27,"column":7}},"2":{"start":{"line":6,"column":20},"end":{"line":6,"column":57}},"3":{"start":{"line":7,"column":8},"end":{"line":26,"column":11}},"4":{"start":{"line":8,"column":12},"end":{"line":10,"column":13}},"5":{"start":{"line":9,"column":16},"end":{"line":9,"column":28}},"6":{"start":{"line":11,"column":12},"end":{"line":25,"column":13}},"7":{"start":{"line":12,"column":32},"end":{"line":21,"column":17}},"8":{"start":{"line":22,"column":16},"end":{"line":22,"column":33}},"9":{"start":{"line":24,"column":16},"end":{"line":24,"column":34}}},"fnMap":{"0":{"name":"(anonymous_0)","decl":{"start":{"line":3,"column":30},"end":{"line":3,"column":31}},"loc":{"start":{"line":3,"column":45},"end":{"line":28,"column":1}},"line":3},"1":{"name":"(anonymous_1)","decl":{"start":{"line":5,"column":23},"end":{"line":5,"column":24}},"loc":{"start":{"line":5,"column":44},"end":{"line":27,"column":5}},"line":5},"2":{"name":"(anonymous_2)","decl":{"start":{"line":7,"column":33},"end":{"line":7,"column":34}},"loc":{"start":{"line":7,"column":47},"end":{"line":26,"column":9}},"line":7}},"branchMap":{"0":{"loc":{"start":{"line":8,"column":12},"end":{"line":10,"column":13}},"type":"if","locations":[{"start":{"line":8,"column":12},"end":{"line":10,"column":13}},{"start":{},"end":{}}],"line":8},"1":{"loc":{"start":{"line":11,"column":12},"end":{"line":25,"column":13}},"type":"if","locations":[{"start":{"line":11,"column":12},"end":{"line":25,"column":13}},{"start":{"line":23,"column":19},"end":{"line":25,"column":13}}],"line":11}},"s":{"0":1,"1":0,"2":0,"3":0,"4":0,"5":0,"6":0,"7":0,"8":0,"9":0},"f":{"0":0,"1":0,"2":0},"b":{"0":[0,0],"1":[0,0]},"_coverageSchema":"1a1c01bbd47fc00a2c39e90264f33305004495a9","hash":"916584b6561770b0d1d90e5ea5862aace455ea9e"}
,"C:\\Users\\bruno\\Desktop\\Polito\\sw2\\ThesisManagement\\se2-05-ThesisManagement\\server\\src\\services\\teacher.services.js": {"path":"C:\\Users\\bruno\\Desktop\\Polito\\sw2\\ThesisManagement\\se2-05-ThesisManagement\\server\\src\\services\\teacher.services.js","statementMap":{"0":{"start":{"line":3,"column":30},"end":{"line":24,"column":1}},"1":{"start":{"line":4,"column":4},"end":{"line":23,"column":7}},"2":{"start":{"line":5,"column":20},"end":{"line":5,"column":44}},"3":{"start":{"line":6,"column":8},"end":{"line":22,"column":11}},"4":{"start":{"line":7,"column":12},"end":{"line":9,"column":13}},"5":{"start":{"line":8,"column":16},"end":{"line":8,"column":28}},"6":{"start":{"line":10,"column":29},"end":{"line":20,"column":14}},"7":{"start":{"line":11,"column":28},"end":{"line":18,"column":17}},"8":{"start":{"line":19,"column":16},"end":{"line":19,"column":27}},"9":{"start":{"line":21,"column":12},"end":{"line":21,"column":30}},"10":{"start":{"line":26,"column":30},"end":{"line":51,"column":1}},"11":{"start":{"line":28,"column":4},"end":{"line":50,"column":7}},"12":{"start":{"line":29,"column":20},"end":{"line":30,"column":80}},"13":{"start":{"line":31,"column":8},"end":{"line":49,"column":11}},"14":{"start":{"line":32,"column":12},"end":{"line":34,"column":13}},"15":{"start":{"line":33,"column":16},"end":{"line":33,"column":28}},"16":{"start":{"line":35,"column":12},"end":{"line":48,"column":13}},"17":{"start":{"line":36,"column":32},"end":{"line":44,"column":17}},"18":{"start":{"line":45,"column":16},"end":{"line":45,"column":33}},"19":{"start":{"line":47,"column":16},"end":{"line":47,"column":34}}},"fnMap":{"0":{"name":"(anonymous_0)","decl":{"start":{"line":3,"column":30},"end":{"line":3,"column":31}},"loc":{"start":{"line":3,"column":36},"end":{"line":24,"column":1}},"line":3},"1":{"name":"(anonymous_1)","decl":{"start":{"line":4,"column":23},"end":{"line":4,"column":24}},"loc":{"start":{"line":4,"column":44},"end":{"line":23,"column":5}},"line":4},"2":{"name":"(anonymous_2)","decl":{"start":{"line":6,"column":20},"end":{"line":6,"column":21}},"loc":{"start":{"line":6,"column":35},"end":{"line":22,"column":9}},"line":6},"3":{"name":"(anonymous_3)","decl":{"start":{"line":10,"column":38},"end":{"line":10,"column":39}},"loc":{"start":{"line":10,"column":45},"end":{"line":20,"column":13}},"line":10},"4":{"name":"(anonymous_4)","decl":{"start":{"line":26,"column":30},"end":{"line":26,"column":31}},"loc":{"start":{"line":26,"column":46},"end":{"line":51,"column":1}},"line":26},"5":{"name":"(anonymous_5)","decl":{"start":{"line":28,"column":23},"end":{"line":28,"column":24}},"loc":{"start":{"line":28,"column":44},"end":{"line":50,"column":5}},"line":28},"6":{"name":"(anonymous_6)","decl":{"start":{"line":31,"column":34},"end":{"line":31,"column":35}},"loc":{"start":{"line":31,"column":47},"end":{"line":49,"column":9}},"line":31}},"branchMap":{"0":{"loc":{"start":{"line":7,"column":12},"end":{"line":9,"column":13}},"type":"if","locations":[{"start":{"line":7,"column":12},"end":{"line":9,"column":13}},{"start":{},"end":{}}],"line":7},"1":{"loc":{"start":{"line":32,"column":12},"end":{"line":34,"column":13}},"type":"if","locations":[{"start":{"line":32,"column":12},"end":{"line":34,"column":13}},{"start":{},"end":{}}],"line":32},"2":{"loc":{"start":{"line":35,"column":12},"end":{"line":48,"column":13}},"type":"if","locations":[{"start":{"line":35,"column":12},"end":{"line":48,"column":13}},{"start":{"line":46,"column":19},"end":{"line":48,"column":13}}],"line":35}},"s":{"0":4,"1":0,"2":0,"3":0,"4":0,"5":0,"6":0,"7":0,"8":0,"9":0,"10":4,"11":0,"12":0,"13":0,"14":0,"15":0,"16":0,"17":0,"18":0,"19":0},"f":{"0":0,"1":0,"2":0,"3":0,"4":0,"5":0,"6":0},"b":{"0":[0,0],"1":[0,0],"2":[0,0]},"_coverageSchema":"1a1c01bbd47fc00a2c39e90264f33305004495a9","hash":"12398c7ce1fe85890fac40de7871f2b23e1e7fa4"}
,"C:\\Users\\bruno\\Desktop\\Polito\\sw2\\ThesisManagement\\se2-05-ThesisManagement\\server\\src\\services\\user.services.js": {"path":"C:\\Users\\bruno\\Desktop\\Polito\\sw2\\ThesisManagement\\se2-05-ThesisManagement\\server\\src\\services\\user.services.js","statementMap":{"0":{"start":{"line":4,"column":27},"end":{"line":19,"column":1}},"1":{"start":{"line":5,"column":2},"end":{"line":18,"column":5}},"2":{"start":{"line":6,"column":16},"end":{"line":6,"column":50}},"3":{"start":{"line":7,"column":4},"end":{"line":17,"column":7}},"4":{"start":{"line":8,"column":6},"end":{"line":10,"column":7}},"5":{"start":{"line":9,"column":8},"end":{"line":9,"column":20}},"6":{"start":{"line":11,"column":6},"end":{"line":16,"column":7}},"7":{"start":{"line":12,"column":21},"end":{"line":12,"column":81}},"8":{"start":{"line":13,"column":8},"end":{"line":13,"column":22}},"9":{"start":{"line":15,"column":8},"end":{"line":15,"column":27}}},"fnMap":{"0":{"name":"(anonymous_0)","decl":{"start":{"line":4,"column":27},"end":{"line":4,"column":28}},"loc":{"start":{"line":4,"column":35},"end":{"line":19,"column":1}},"line":4},"1":{"name":"(anonymous_1)","decl":{"start":{"line":5,"column":21},"end":{"line":5,"column":22}},"loc":{"start":{"line":5,"column":42},"end":{"line":18,"column":3}},"line":5},"2":{"name":"(anonymous_2)","decl":{"start":{"line":7,"column":22},"end":{"line":7,"column":23}},"loc":{"start":{"line":7,"column":36},"end":{"line":17,"column":5}},"line":7}},"branchMap":{"0":{"loc":{"start":{"line":8,"column":6},"end":{"line":10,"column":7}},"type":"if","locations":[{"start":{"line":8,"column":6},"end":{"line":10,"column":7}},{"start":{},"end":{}}],"line":8},"1":{"loc":{"start":{"line":11,"column":6},"end":{"line":16,"column":7}},"type":"if","locations":[{"start":{"line":11,"column":6},"end":{"line":16,"column":7}},{"start":{"line":14,"column":13},"end":{"line":16,"column":7}}],"line":11}},"s":{"0":1,"1":0,"2":0,"3":0,"4":0,"5":0,"6":0,"7":0,"8":0,"9":0},"f":{"0":0,"1":0,"2":0},"b":{"0":[0,0],"1":[0,0]},"_coverageSchema":"1a1c01bbd47fc00a2c39e90264f33305004495a9","hash":"46fc8230792a471996d7cd6198ef5a8d9937a062"}
,"C:\\Users\\bruno\\Desktop\\Polito\\sw2\\ThesisManagement\\se2-05-ThesisManagement\\server\\src\\utils\\utils.js": {"path":"C:\\Users\\bruno\\Desktop\\Polito\\sw2\\ThesisManagement\\se2-05-ThesisManagement\\server\\src\\utils\\utils.js","statementMap":{"0":{"start":{"line":3,"column":22},"end":{"line":3,"column":69}},"1":{"start":{"line":5,"column":4},"end":{"line":7,"column":5}},"2":{"start":{"line":6,"column":6},"end":{"line":6,"column":19}},"3":{"start":{"line":10,"column":17},"end":{"line":10,"column":37}},"4":{"start":{"line":13,"column":4},"end":{"line":18,"column":6}}},"fnMap":{"0":{"name":"isValidDateFormat","decl":{"start":{"line":1,"column":16},"end":{"line":1,"column":33}},"loc":{"start":{"line":1,"column":46},"end":{"line":19,"column":3}},"line":1}},"branchMap":{"0":{"loc":{"start":{"line":5,"column":4},"end":{"line":7,"column":5}},"type":"if","locations":[{"start":{"line":5,"column":4},"end":{"line":7,"column":5}},{"start":{},"end":{}}],"line":5},"1":{"loc":{"start":{"line":14,"column":6},"end":{"line":17,"column":66}},"type":"binary-expr","locations":[{"start":{"line":14,"column":6},"end":{"line":14,"column":28}},{"start":{"line":15,"column":6},"end":{"line":15,"column":69}},{"start":{"line":16,"column":6},"end":{"line":16,"column":70}},{"start":{"line":17,"column":6},"end":{"line":17,"column":66}}],"line":14}},"s":{"0":6,"1":6,"2":4,"3":2,"4":2},"f":{"0":6},"b":{"0":[4,2],"1":[2,2,2,2]},"_coverageSchema":"1a1c01bbd47fc00a2c39e90264f33305004495a9","hash":"06598a0bb058b850c04a96285ca057ed0a5879e0"}
}
