TN:
SF:index.js
FN:20,(anonymous_0)
FN:24,(anonymous_1)
FN:63,(anonymous_2)
FNF:3
FNH:0
FNDA:0,(anonymous_0)
FNDA:0,(anonymous_1)
FNDA:0,(anonymous_2)
DA:18,1
DA:20,1
DA:21,0
DA:24,1
DA:25,0
DA:28,1
DA:29,1
DA:31,1
DA:32,1
DA:33,1
DA:38,1
DA:40,1
DA:49,1
DA:50,1
DA:52,1
DA:53,1
DA:54,1
DA:55,1
DA:56,1
DA:57,1
DA:58,1
DA:59,1
DA:60,1
DA:61,1
DA:63,1
DA:64,0
LF:26
LH:23
BRF:0
BRH:0
end_of_record
TN:
SF:src/config/configs.js
FN:11,(anonymous_0)
FN:16,(anonymous_1)
FNF:2
FNH:0
FNDA:0,(anonymous_0)
FNDA:0,(anonymous_1)
DA:3,1
DA:12,0
DA:16,1
DA:17,0
DA:18,0
DA:20,0
LF:6
LH:2
BRDA:17,0,0,0
BRDA:17,0,1,0
BRF:2
BRH:0
end_of_record
TN:
SF:src/config/db.js
FN:4,(anonymous_0)
FNF:1
FNH:1
FNDA:1,(anonymous_0)
DA:4,1
DA:5,1
LF:2
LH:2
BRDA:5,0,0,0
BRDA:5,0,1,1
BRF:2
BRH:1
end_of_record
TN:
SF:src/controllers/application.controller.js
FN:4,(anonymous_0)
FNF:1
FNH:0
FNDA:0,(anonymous_0)
DA:4,1
DA:5,0
DA:6,0
DA:7,0
DA:11,0
DA:12,0
DA:16,0
DA:17,0
DA:22,0
DA:23,0
DA:28,0
DA:30,0
DA:31,0
DA:32,0
LF:14
LH:1
BRDA:6,0,0,0
BRDA:6,0,1,0
BRDA:11,1,0,0
BRDA:11,1,1,0
BRDA:16,2,0,0
BRDA:16,2,1,0
BRDA:16,3,0,0
BRDA:16,3,1,0
BRDA:30,4,0,0
BRDA:30,4,1,0
BRF:10
BRH:0
end_of_record
TN:
SF:src/controllers/degree.controller.js
FN:4,(anonymous_0)
FNF:1
FNH:1
FNDA:1,(anonymous_0)
DA:4,1
DA:5,1
DA:6,1
DA:7,1
DA:9,0
LF:5
LH:4
BRF:0
BRH:0
end_of_record
TN:
SF:src/controllers/group.controller.js
FN:4,(anonymous_0)
FNF:1
FNH:1
FNDA:1,(anonymous_0)
DA:4,1
DA:5,1
DA:6,1
DA:7,1
DA:9,0
LF:5
LH:4
BRF:0
BRH:0
end_of_record
TN:
SF:src/controllers/keyword.controller.js
FN:5,(anonymous_0)
FNF:1
FNH:1
FNDA:1,(anonymous_0)
DA:5,1
DA:6,1
DA:7,1
DA:8,1
DA:10,0
LF:5
LH:4
BRF:0
BRH:0
end_of_record
TN:
SF:src/controllers/level.controller.js
FN:5,(anonymous_0)
FNF:1
FNH:0
FNDA:0,(anonymous_0)
DA:5,1
DA:6,0
DA:7,0
DA:8,0
DA:10,0
LF:5
LH:1
BRF:0
BRH:0
end_of_record
TN:
SF:src/controllers/proposal.controller.js
FN:9,(anonymous_0)
FN:57,(anonymous_1)
FNF:2
FNH:2
FNDA:5,(anonymous_0)
FNDA:5,(anonymous_1)
DA:9,2
DA:10,5
DA:11,5
DA:12,5
DA:13,5
DA:15,5
DA:16,1
DA:18,4
DA:22,1
DA:26,3
DA:30,1
DA:35,2
DA:37,2
DA:40,2
DA:44,2
DA:52,1
DA:54,1
DA:57,2
DA:58,5
DA:59,5
DA:60,5
DA:61,5
DA:62,5
DA:63,5
DA:64,5
DA:65,5
DA:66,5
DA:67,5
DA:68,5
DA:76,2
DA:78,3
DA:79,4
DA:80,4
DA:81,1
DA:85,0
DA:87,2
DA:88,2
DA:90,2
DA:99,1
DA:101,1
DA:102,1
DA:116,1
DA:119,0
LF:43
LH:41
BRDA:15,0,0,1
BRDA:15,0,1,4
BRDA:18,1,0,1
BRDA:18,1,1,3
BRDA:19,2,0,4
BRDA:19,2,1,1
BRDA:26,3,0,1
BRDA:26,3,1,2
BRDA:27,4,0,3
BRDA:27,4,1,1
BRDA:37,5,0,0
BRDA:37,5,1,2
BRDA:40,6,0,0
BRDA:40,6,1,2
BRDA:68,7,0,2
BRDA:68,7,1,3
BRDA:69,8,0,5
BRDA:69,8,1,4
BRDA:69,8,2,4
BRDA:69,8,3,4
BRDA:69,8,4,3
BRDA:69,8,5,3
BRDA:80,9,0,1
BRDA:80,9,1,3
BRDA:80,10,0,4
BRDA:80,10,1,3
BRDA:90,11,0,1
BRDA:90,11,1,1
BRDA:91,12,0,2
BRDA:91,12,1,2
BRDA:91,12,2,2
BRDA:91,12,3,1
BRDA:91,12,4,1
BRDA:91,12,5,1
BRDA:91,12,6,1
BRF:35
BRH:33
end_of_record
TN:
SF:src/controllers/student.controller.js
FN:5,(anonymous_0)
FNF:1
FNH:1
FNDA:3,(anonymous_0)
DA:5,1
DA:6,3
DA:7,3
DA:8,3
DA:9,1
DA:11,2
DA:12,2
DA:13,1
DA:15,1
DA:18,0
LF:10
LH:9
BRDA:8,0,0,1
BRDA:8,0,1,2
BRDA:12,1,0,1
BRDA:12,1,1,1
BRF:4
BRH:4
end_of_record
TN:
SF:src/controllers/teacher.controller.js
FN:5,(anonymous_0)
FN:14,(anonymous_1)
FNF:2
FNH:1
FNDA:0,(anonymous_0)
FNDA:3,(anonymous_1)
DA:5,1
DA:6,0
DA:7,0
DA:8,0
DA:10,0
DA:14,1
DA:15,3
DA:16,3
DA:17,3
DA:18,1
DA:20,2
DA:21,2
DA:22,1
DA:24,1
DA:27,0
LF:15
LH:10
BRDA:17,0,0,1
BRDA:17,0,1,2
BRDA:21,1,0,1
BRDA:21,1,1,1
BRF:4
BRH:4
end_of_record
TN:
SF:src/models/Application.js
FN:2,(anonymous_0)
FN:16,(anonymous_1)
FN:26,(anonymous_2)
FNF:3
FNH:0
FNDA:0,(anonymous_0)
FNDA:0,(anonymous_1)
FNDA:0,(anonymous_2)
DA:9,0
DA:10,0
DA:11,0
DA:12,0
DA:13,0
DA:17,0
DA:26,0
DA:27,0
LF:8
LH:0
BRF:0
BRH:0
end_of_record
TN:
SF:src/models/LevelsEnum.js
FNF:0
FNH:0
DA:1,2
LF:1
LH:1
BRF:0
BRH:0
end_of_record
TN:
SF:src/models/Proposal.js
FN:2,(anonymous_0)
FN:31,(anonymous_1)
FN:49,(anonymous_2)
FN:66,(anonymous_3)
FNF:4
FNH:0
FNDA:0,(anonymous_0)
FNDA:0,(anonymous_1)
FNDA:0,(anonymous_2)
FNDA:0,(anonymous_3)
DA:16,0
DA:17,0
DA:18,0
DA:19,0
DA:20,0
DA:21,0
DA:22,0
DA:23,0
DA:24,0
DA:25,0
DA:26,0
DA:27,0
DA:31,0
DA:32,0
DA:49,1
DA:50,0
DA:66,1
DA:67,0
LF:18
LH:2
BRF:0
BRH:0
end_of_record
TN:
SF:src/models/Student.js
FN:2,(anonymous_0)
FN:23,(anonymous_1)
FN:37,(anonymous_2)
FNF:3
FNH:0
FNDA:0,(anonymous_0)
FNDA:0,(anonymous_1)
FNDA:0,(anonymous_2)
DA:12,0
DA:13,0
DA:14,0
DA:15,0
DA:16,0
DA:17,0
DA:18,0
DA:19,0
DA:23,0
DA:24,0
DA:37,1
DA:38,0
LF:12
LH:1
BRF:0
BRH:0
end_of_record
TN:
SF:src/models/Teacher.js
FN:2,(anonymous_0)
FN:13,(anonymous_1)
FN:26,(anonymous_2)
FN:38,(anonymous_3)
FNF:4
FNH:0
FNDA:0,(anonymous_0)
FNDA:0,(anonymous_1)
FNDA:0,(anonymous_2)
FNDA:0,(anonymous_3)
DA:3,0
DA:4,0
DA:5,0
DA:6,0
DA:7,0
DA:8,0
DA:9,0
DA:13,0
DA:14,0
DA:26,1
DA:27,0
DA:38,1
DA:39,0
LF:13
LH:2
BRF:0
BRH:0
end_of_record
TN:
SF:src/models/User.js
FN:2,(anonymous_0)
FN:11,(anonymous_1)
FN:22,(anonymous_2)
FNF:3
FNH:0
FNDA:0,(anonymous_0)
FNDA:0,(anonymous_1)
FNDA:0,(anonymous_2)
DA:3,0
DA:4,0
DA:5,0
DA:6,0
DA:7,0
DA:11,0
DA:12,0
DA:22,1
DA:23,0
LF:9
LH:1
BRF:0
BRH:0
end_of_record
TN:
SF:src/routes/application.route.js
FNF:0
FNH:0
DA:4,1
DA:6,1
LF:2
LH:2
BRF:0
BRH:0
end_of_record
TN:
SF:src/routes/degree.route.js
FNF:0
FNH:0
DA:5,1
DA:7,1
LF:2
LH:2
BRF:0
BRH:0
end_of_record
TN:
SF:src/routes/group.route.js
FNF:0
FNH:0
DA:5,1
DA:7,1
LF:2
LH:2
BRF:0
BRH:0
end_of_record
TN:
SF:src/routes/keyword.route.js
FNF:0
FNH:0
DA:5,1
DA:7,1
LF:2
LH:2
BRF:0
BRH:0
end_of_record
TN:
SF:src/routes/level.route.js
FNF:0
FNH:0
DA:5,1
DA:7,1
LF:2
LH:2
BRF:0
BRH:0
end_of_record
TN:
SF:src/routes/proposal.route.js
FNF:0
FNH:0
DA:7,1
DA:9,1
DA:11,1
LF:3
LH:3
BRF:0
BRH:0
end_of_record
TN:
SF:src/routes/session.route.js
FN:7,(anonymous_0)
FNF:1
FNH:0
FNDA:0,(anonymous_0)
DA:4,1
DA:7,1
DA:8,0
DA:9,0
DA:11,0
LF:5
LH:2
BRDA:8,0,0,0
BRDA:8,0,1,0
BRF:2
BRH:0
end_of_record
TN:
SF:src/routes/student.route.js
FNF:0
FNH:0
DA:5,1
DA:7,1
LF:2
LH:2
BRF:0
BRH:0
end_of_record
TN:
SF:src/routes/teacher.route.js
FNF:0
FNH:0
DA:5,1
DA:7,1
DA:8,1
LF:3
LH:3
BRF:0
BRH:0
end_of_record
TN:
SF:src/routes/user.route.js
FN:7,(anonymous_0)
FN:8,(anonymous_1)
FN:11,(anonymous_2)
FN:19,(anonymous_3)
FN:20,(anonymous_4)
FN:23,(anonymous_5)
FN:34,(anonymous_6)
FN:35,(anonymous_7)
FNF:8
FNH:0
FNDA:0,(anonymous_0)
FNDA:0,(anonymous_1)
FNDA:0,(anonymous_2)
FNDA:0,(anonymous_3)
FNDA:0,(anonymous_4)
FNDA:0,(anonymous_5)
FNDA:0,(anonymous_6)
FNDA:0,(anonymous_7)
DA:5,1
DA:7,1
DA:8,0
DA:9,0
DA:10,0
DA:11,0
DA:12,0
DA:13,0
DA:19,1
DA:20,0
DA:21,0
DA:22,0
DA:23,0
DA:24,0
DA:26,0
DA:27,0
DA:34,1
DA:35,0
DA:36,0
DA:38,0
DA:39,0
LF:21
LH:4
BRDA:9,0,0,0
BRDA:9,0,1,0
BRDA:10,1,0,0
BRDA:10,1,1,0
BRDA:12,2,0,0
BRDA:12,2,1,0
BRDA:21,3,0,0
BRDA:21,3,1,0
BRDA:22,4,0,0
BRDA:22,4,1,0
BRDA:24,5,0,0
BRDA:24,5,1,0
BRDA:36,6,0,0
BRDA:36,6,1,0
BRF:14
BRH:0
end_of_record
TN:
SF:src/services/application.services.js
FN:6,(anonymous_0)
FN:11,(anonymous_1)
FN:38,(anonymous_2)
FN:57,(anonymous_3)
FN:69,(anonymous_4)
FN:70,(anonymous_5)
FNF:6
FNH:0
FNDA:0,(anonymous_0)
FNDA:0,(anonymous_1)
FNDA:0,(anonymous_2)
FNDA:0,(anonymous_3)
FNDA:0,(anonymous_4)
FNDA:0,(anonymous_5)
DA:6,1
DA:11,0
DA:12,0
DA:13,0
DA:14,0
DA:15,0
DA:16,0
DA:22,0
DA:23,0
DA:30,0
DA:31,0
DA:37,0
DA:38,0
DA:39,0
DA:40,0
DA:42,0
DA:49,0
DA:52,0
DA:57,1
DA:58,0
DA:69,0
DA:70,0
DA:71,0
DA:72,0
DA:74,0
DA:75,0
DA:79,0
LF:27
LH:2
BRDA:15,0,0,0
BRDA:15,0,1,0
BRDA:22,1,0,0
BRDA:22,1,1,0
BRDA:30,2,0,0
BRDA:30,2,1,0
BRDA:39,3,0,0
BRDA:39,3,1,0
BRDA:71,4,0,0
BRDA:71,4,1,0
BRDA:74,5,0,0
BRDA:74,5,1,0
BRF:12
BRH:0
end_of_record
TN:
SF:src/services/degree.services.js
FN:3,(anonymous_0)
FN:4,(anonymous_1)
FN:6,(anonymous_2)
FN:10,(anonymous_3)
FNF:4
FNH:4
FNDA:1,(anonymous_0)
FNDA:1,(anonymous_1)
FNDA:1,(anonymous_2)
FNDA:14,(anonymous_3)
DA:3,1
DA:4,1
DA:5,1
DA:6,1
DA:7,1
DA:8,0
DA:10,1
DA:11,14
DA:15,14
DA:17,1
LF:10
LH:9
BRDA:7,0,0,0
BRDA:7,0,1,1
BRF:2
BRH:1
end_of_record
TN:
SF:src/services/group.services.js
FN:3,(anonymous_0)
FN:4,(anonymous_1)
FN:6,(anonymous_2)
FN:10,(anonymous_3)
FNF:4
FNH:4
FNDA:1,(anonymous_0)
FNDA:1,(anonymous_1)
FNDA:1,(anonymous_2)
FNDA:8,(anonymous_3)
DA:3,1
DA:4,1
DA:5,1
DA:6,1
DA:7,1
DA:8,0
DA:10,1
DA:11,8
DA:16,8
DA:18,1
LF:10
LH:9
BRDA:7,0,0,0
BRDA:7,0,1,1
BRF:2
BRH:1
end_of_record
TN:
SF:src/services/keyword.services.js
FN:3,(anonymous_0)
FN:4,(anonymous_1)
FN:6,(anonymous_2)
FN:10,(anonymous_3)
FNF:4
FNH:4
FNDA:1,(anonymous_0)
FNDA:1,(anonymous_1)
FNDA:1,(anonymous_2)
FNDA:5,(anonymous_3)
DA:3,1
DA:4,1
DA:5,1
DA:6,1
DA:7,1
DA:8,0
DA:10,1
DA:11,5
DA:16,5
DA:18,1
LF:10
LH:9
BRDA:7,0,0,0
BRDA:7,0,1,1
BRF:2
BRH:1
end_of_record
TN:
SF:src/services/level.services.js
FN:3,(anonymous_0)
FN:4,(anonymous_1)
FN:6,(anonymous_2)
FN:10,(anonymous_3)
FNF:4
FNH:0
FNDA:0,(anonymous_0)
FNDA:0,(anonymous_1)
FNDA:0,(anonymous_2)
FNDA:0,(anonymous_3)
DA:3,1
DA:4,0
DA:5,0
DA:6,0
DA:7,0
DA:8,0
DA:10,0
DA:11,0
DA:15,0
DA:17,0
LF:10
LH:1
BRDA:7,0,0,0
BRDA:7,0,1,0
BRF:2
BRH:0
end_of_record
TN:
SF:src/services/proposal.services.js
FN:6,(anonymous_0)
FN:14,(anonymous_1)
FN:21,(anonymous_2)
FN:26,(anonymous_3)
FN:79,(anonymous_4)
FN:96,(anonymous_5)
FN:97,(anonymous_6)
FN:111,(anonymous_7)
FN:124,(anonymous_8)
FN:125,(anonymous_9)
FN:127,(anonymous_10)
FN:136,(anonymous_11)
FN:137,(anonymous_12)
FN:149,(anonymous_13)
FN:176,(anonymous_14)
FN:189,(anonymous_15)
FN:191,(anonymous_16)
FN:220,(anonymous_17)
FN:241,(anonymous_18)
FNF:19
FNH:5
FNDA:0,(anonymous_0)
FNDA:0,(anonymous_1)
FNDA:0,(anonymous_2)
FNDA:0,(anonymous_3)
FNDA:0,(anonymous_4)
FNDA:0,(anonymous_5)
FNDA:0,(anonymous_6)
FNDA:0,(anonymous_7)
FNDA:0,(anonymous_8)
FNDA:0,(anonymous_9)
FNDA:0,(anonymous_10)
FNDA:0,(anonymous_11)
FNDA:0,(anonymous_12)
FNDA:0,(anonymous_13)
FNDA:1,(anonymous_14)
FNDA:1,(anonymous_15)
FNDA:1,(anonymous_16)
FNDA:1,(anonymous_17)
FNDA:1,(anonymous_18)
DA:6,1
DA:14,0
DA:15,0
DA:16,0
DA:17,0
DA:18,0
DA:19,0
DA:20,0
DA:21,0
DA:22,0
DA:24,0
DA:25,0
DA:26,0
DA:28,0
DA:30,0
DA:31,0
DA:32,0
DA:34,0
DA:35,0
DA:36,0
DA:39,0
DA:40,0
DA:41,0
DA:42,0
DA:43,0
DA:44,0
DA:45,0
DA:46,0
DA:47,0
DA:48,0
DA:51,0
DA:79,0
DA:80,0
DA:81,0
DA:83,0
DA:84,0
DA:85,0
DA:86,0
DA:87,0
DA:88,0
DA:89,0
DA:91,0
DA:96,1
DA:97,0
DA:98,0
DA:99,0
DA:104,0
DA:112,0
DA:113,0
DA:115,0
DA:116,0
DA:118,0
DA:124,1
DA:125,0
DA:126,0
DA:127,0
DA:128,0
DA:129,0
DA:131,0
DA:136,1
DA:137,0
DA:138,0
DA:149,0
DA:150,0
DA:151,0
DA:153,0
DA:154,0
DA:158,0
DA:176,1
DA:189,1
DA:190,1
DA:191,1
DA:192,1
DA:193,1
DA:196,1
DA:207,1
DA:209,1
DA:212,1
DA:214,1
DA:217,1
DA:220,1
DA:221,1
DA:222,0
DA:224,1
DA:225,1
DA:229,1
DA:230,2
DA:237,1
DA:240,1
DA:241,1
DA:242,1
DA:243,0
DA:245,1
DA:246,1
DA:247,1
DA:251,1
DA:254,1
DA:256,1
DA:258,1
DA:260,0
LF:100
LH:33
BRDA:20,0,0,0
BRDA:20,0,1,0
BRDA:20,1,0,0
BRDA:20,1,1,0
BRDA:24,2,0,0
BRDA:24,2,1,0
BRDA:24,3,0,0
BRDA:24,3,1,0
BRDA:30,4,0,0
BRDA:30,4,1,0
BRDA:34,5,0,0
BRDA:34,5,1,0
BRDA:40,6,0,0
BRDA:40,6,1,0
BRDA:40,7,0,0
BRDA:40,7,1,0
BRDA:43,8,0,0
BRDA:43,8,1,0
BRDA:46,9,0,0
BRDA:46,9,1,0
BRDA:80,10,0,0
BRDA:80,10,1,0
BRDA:112,11,0,0
BRDA:112,11,1,0
BRDA:128,12,0,0
BRDA:128,12,1,0
BRDA:150,13,0,0
BRDA:150,13,1,0
BRDA:153,14,0,0
BRDA:153,14,1,0
BRDA:221,15,0,0
BRDA:221,15,1,1
BRDA:225,16,0,1
BRDA:225,16,1,0
BRDA:226,17,0,1
BRDA:226,17,1,1
BRDA:233,18,0,2
BRDA:233,18,1,0
BRDA:234,19,0,2
BRDA:234,19,1,2
BRDA:242,20,0,0
BRDA:242,20,1,1
BRDA:245,21,0,1
BRDA:245,21,1,0
BRF:44
BRH:9
end_of_record
TN:
SF:src/services/student.services.js
FN:3,(anonymous_0)
FN:5,(anonymous_1)
FN:7,(anonymous_2)
FNF:3
FNH:3
FNDA:2,(anonymous_0)
FNDA:2,(anonymous_1)
FNDA:2,(anonymous_2)
DA:3,1
DA:5,2
DA:6,2
DA:7,2
DA:8,2
DA:9,0
DA:11,2
DA:12,1
DA:22,1
DA:24,1
LF:10
LH:9
BRDA:8,0,0,0
BRDA:8,0,1,2
BRDA:11,1,0,1
BRDA:11,1,1,1
BRF:4
BRH:3
end_of_record
TN:
SF:src/services/teacher.services.js
FN:3,(anonymous_0)
FN:4,(anonymous_1)
FN:6,(anonymous_2)
FN:10,(anonymous_3)
FN:26,(anonymous_4)
FN:28,(anonymous_5)
FN:31,(anonymous_6)
FNF:7
FNH:3
FNDA:0,(anonymous_0)
FNDA:0,(anonymous_1)
FNDA:0,(anonymous_2)
FNDA:0,(anonymous_3)
FNDA:2,(anonymous_4)
FNDA:2,(anonymous_5)
FNDA:2,(anonymous_6)
DA:3,1
DA:4,0
DA:5,0
DA:6,0
DA:7,0
DA:8,0
DA:10,0
DA:11,0
DA:19,0
DA:21,0
DA:26,1
DA:28,2
DA:29,2
DA:31,2
DA:32,2
DA:33,0
DA:35,2
DA:36,1
DA:45,1
DA:47,1
LF:20
LH:10
BRDA:7,0,0,0
BRDA:7,0,1,0
BRDA:32,1,0,0
BRDA:32,1,1,2
BRDA:35,2,0,1
BRDA:35,2,1,1
BRF:6
BRH:3
end_of_record
TN:
SF:src/services/user.services.js
FN:4,(anonymous_0)
FN:5,(anonymous_1)
FN:7,(anonymous_2)
FNF:3
FNH:0
FNDA:0,(anonymous_0)
FNDA:0,(anonymous_1)
FNDA:0,(anonymous_2)
DA:4,1
DA:5,0
DA:6,0
DA:7,0
DA:8,0
DA:9,0
DA:11,0
DA:12,0
DA:13,0
DA:15,0
LF:10
LH:1
BRDA:8,0,0,0
BRDA:8,0,1,0
BRDA:11,1,0,0
BRDA:11,1,1,0
BRF:4
BRH:0
end_of_record
TN:
SF:src/utils/utils.js
FN:1,isValidDateFormat
FNF:1
FNH:1
FNDA:2,isValidDateFormat
DA:3,2
DA:5,2
DA:6,2
DA:10,0
DA:13,0
LF:5
LH:3
BRDA:5,0,0,2
BRDA:5,0,1,0
BRDA:14,1,0,0
BRDA:14,1,1,0
BRDA:14,1,2,0
BRDA:14,1,3,0
BRF:6
BRH:1
end_of_record
